[12/10/21 12:30:04] [ERROR] can't update member role: role id "850036007156056075" not cached
[12/10/21 12:30:04] [ERROR] can't update member role: role id "857191335004733440" not cached
[12/10/21 12:30:04] [ERROR] can't update member role: role id "850036007156056075" not cached
[12/10/21 12:30:04] [ERROR] can't update member role: role id "850036007156056075" not cached
[12/10/21 12:30:04] [ERROR] can't update member role: role id "850036007156056075" not cached
[12/10/21 12:30:04] [ERROR] can't update member role: role id "850036007156056075" not cached
[12/10/21 12:30:04] [ERROR] can't update member role: role id "850036007156056075" not cached
[12/10/21 12:30:04] [ERROR] can't update member role: role id "850036007156056075" not cached
[12/10/21 12:30:04] [ERROR] can't update member role: role id "849898830505836544" not cached
[12/10/21 12:30:04] [ERROR] can't update member role: role id "850036007156056075" not cached
[12/10/21 12:30:04] [ERROR] can't update member role: role id "850036007156056075" not cached
[12/10/21 12:30:04] [ERROR] can't update member role: role id "850036007156056075" not cached
[12/10/21 12:30:04] [ERROR] can't update member role: role id "850036007156056075" not cached
[12/10/21 12:30:05] [ERROR] can't update member role: role id "850036007156056075" not cached
[12/10/21 12:30:05] [ERROR] can't update member role: role id "850036007156056075" not cached
[12/10/21 12:30:05] [ERROR] can't update member role: role id "850036007156056075" not cached
[12/10/21 12:30:05] [ERROR] can't update member role: role id "850036007156056075" not cached
[12/10/21 12:30:05] [ERROR] can't update member role: role id "850036007156056075" not cached
[12/10/21 12:30:05] [ERROR] can't update member role: role id "850036007156056075" not cached
[12/10/21 12:30:05] [ERROR] can't update member role: role id "850036007156056075" not cached
[12/10/21 12:30:05] [ERROR] can't update member role: role id "850036007156056075" not cached
[12/10/21 12:30:06] [ERROR] can't update member role: role id "850036007156056075" not cached
[12/10/21 12:30:06] [ERROR] can't update member role: role id "850036007156056075" not cached
[12/10/21 12:30:06] [ERROR] can't update member role: role id "850036007156056075" not cached
[12/10/21 12:30:07] [ERROR] can't update member role: role id "850036007156056075" not cached
[12/10/21 12:30:07] [ERROR] can't update member role: role id "850036007156056075" not cached
[12/10/21 12:30:07] [ERROR] can't update member role: role id "850036007156056075" not cached
[12/10/21 12:30:07] [ERROR] can't update member role: role id "850036007156056075" not cached
[12/10/21 12:30:08] [ERROR] can't update member role: role id "850036007156056075" not cached
[12/10/21 12:30:08] [ERROR] can't update member role: role id "850036007156056075" not cached
[12/10/21 12:30:08] [ERROR] can't update member role: role id "849472267045044245" not cached
[12/10/21 12:30:08] [ERROR] can't update member role: role id "850036007156056075" not cached
[12/10/21 12:30:09] [ERROR] can't update member role: role id "850036007156056075" not cached
[12/10/21 12:30:09] [ERROR] can't update member role: role id "850036007156056075" not cached
[12/10/21 12:30:48] [ERROR] can't update guild member presence: user id "401971541480308746" not cached
[12/10/21 12:30:48] [ERROR] DCC_IsUserBot: invalid user id '0'
[12/10/21 12:30:48] [ERROR] can't update guild member presence: user id "348252362235969536" not cached
[12/10/21 12:30:48] [ERROR] DCC_IsUserBot: invalid user id '0'
[12/10/21 12:30:48] [ERROR] can't update guild member presence: user id "834064378742571069" not cached
[12/10/21 12:30:48] [ERROR] can't update guild member presence: user id "752379222667821076" not cached
[12/10/21 12:30:48] [ERROR] can't update member role: role id "850036007156056075" not cached
[12/10/21 12:30:48] [ERROR] can't update member role: role id "850036007156056075" not cached
[12/10/21 12:30:49] [ERROR] can't update member role: role id "850036007156056075" not cached
[12/10/21 12:30:49] [ERROR] can't update member role: role id "849472267045044245" not cached
[12/10/21 12:30:50] [ERROR] can't update member role: role id "850036007156056075" not cached
[12/10/21 12:30:51] [ERROR] can't update member role: role id "850036007156056075" not cached
[12/10/21 12:30:52] [ERROR] can't update member role: role id "850036007156056075" not cached
[12/10/21 12:30:52] [ERROR] can't update member role: role id "850036007156056075" not cached
[12/10/21 12:30:53] [ERROR] can't update member role: role id "850036007156056075" not cached
[12/10/21 12:30:53] [ERROR] can't update member role: role id "850036007156056075" not cached
[12/10/21 12:30:54] [ERROR] can't update member role: role id "850036007156056075" not cached
[12/10/21 12:30:54] [ERROR] can't update member role: role id "850036007156056075" not cached
[12/10/21 12:30:55] [ERROR] can't update member role: role id "850036007156056075" not cached
[12/10/21 12:30:56] [ERROR] can't update member role: role id "850036007156056075" not cached
[12/10/21 12:30:56] [ERROR] can't update member role: role id "850036007156056075" not cached
[12/10/21 12:30:56] [ERROR] can't update member role: role id "850036007156056075" not cached
[12/10/21 12:30:56] [ERROR] can't update member role: role id "850036007156056075" not cached
[12/10/21 12:30:56] [ERROR] can't update member role: role id "850036007156056075" not cached
[12/10/21 12:30:57] [ERROR] can't update member role: role id "850036007156056075" not cached
[12/10/21 12:30:57] [ERROR] can't update member role: role id "850036007156056075" not cached
[12/10/21 12:30:58] [ERROR] can't update member role: role id "850036007156056075" not cached
[12/10/21 12:30:59] [ERROR] can't update member role: role id "850036007156056075" not cached
[12/10/21 12:31:00] [ERROR] can't update member role: role id "850036007156056075" not cached
[12/10/21 12:31:00] [ERROR] can't update member role: role id "850036007156056075" not cached
[12/10/21 12:31:00] [ERROR] can't update member role: role id "849898830505836544" not cached
[12/10/21 12:31:00] [ERROR] can't update member role: role id "850036007156056075" not cached
[12/10/21 12:31:00] [ERROR] can't update member role: role id "850036007156056075" not cached
[12/10/21 12:31:01] [ERROR] can't update member role: role id "850036007156056075" not cached
[12/10/21 12:31:01] [ERROR] can't update member role: role id "850036007156056075" not cached
[12/10/21 12:31:02] [ERROR] can't update member role: role id "850036007156056075" not cached
[12/10/21 12:31:02] [ERROR] can't update member role: role id "850036007156056075" not cached
[12/10/21 12:31:03] [ERROR] can't update member role: role id "850036007156056075" not cached
[12/10/21 12:31:03] [ERROR] can't update member role: role id "857191335004733440" not cached
[12/10/21 12:31:04] [ERROR] can't update member role: role id "850036007156056075" not cached
[12/10/21 12:31:04] [ERROR] can't update guild member presence: user id "909963705691811901" not cached
[12/10/21 12:31:04] [ERROR] can't update guild member presence: user id "896188749136953395" not cached
[12/10/21 12:31:04] [ERROR] DCC_IsUserBot: invalid user id '0'
[12/10/21 12:31:04] [ERROR] can't update guild member presence: user id "420100313593282560" not cached
[12/10/21 12:31:04] [WARNING] Unknown gateway event 'GUILD_JOIN_REQUEST_DELETE'
[12/10/21 12:31:05] [ERROR] can't update guild member presence: user id "712459329344634933" not cached
[12/10/21 12:31:05] [ERROR] can't update guild member presence: user id "909963705691811901" not cached
[12/10/21 12:31:05] [ERROR] DCC_IsUserBot: invalid user id '0'
[12/10/21 12:31:05] [ERROR] DCC_IsUserBot: invalid user id '0'
[12/10/21 12:31:05] [ERROR] can't update guild member presence: user id "697330839381606410" not cached
[12/10/21 12:31:05] [ERROR] can't update guild member presence: user id "909963705691811901" not cached
[12/10/21 12:31:05] [ERROR] can't update guild member presence: user id "301321663671173120" not cached
[12/10/21 12:31:05] [ERROR] can't update guild member presence: user id "772276838550208523" not cached
[12/10/21 12:31:05] [ERROR] can't update guild member presence: user id "909963705691811901" not cached
[12/10/21 12:31:05] [ERROR] can't update guild member presence: user id "909963705691811901" not cached
[12/10/21 12:31:05] [ERROR] DCC_IsUserBot: invalid user id '0'
[12/10/21 12:31:09] [ERROR] can't update guild member presence: user id "909963705691811901" not cached
[12/10/21 12:31:14] [ERROR] can't update guild member presence: user id "909963705691811901" not cached
[12/10/21 12:31:16] [ERROR] DCC_IsUserBot: invalid user id '0'
[12/10/21 12:31:17] [ERROR] DCC_IsUserBot: invalid user id '0'
[12/10/21 12:31:19] [ERROR] can't update guild member presence: user id "909963705691811901" not cached
[12/10/21 12:31:19] [ERROR] DCC_IsUserBot: invalid user id '0'
[12/10/21 12:31:22] [ERROR] Can't write to Discord websocket gateway: Operation canceled (125)
[12/10/21 12:32:34] [ERROR] can't update member role: role id "850036007156056075" not cached
[12/10/21 12:32:34] [ERROR] can't update member role: role id "857191335004733440" not cached
[12/10/21 12:32:34] [ERROR] can't update member role: role id "850036007156056075" not cached
[12/10/21 12:32:34] [ERROR] can't update member role: role id "850036007156056075" not cached
[12/10/21 12:32:34] [ERROR] can't update member role: role id "850036007156056075" not cached
[12/10/21 12:32:34] [ERROR] can't update member role: role id "850036007156056075" not cached
[12/10/21 12:32:34] [ERROR] can't update member role: role id "850036007156056075" not cached
[12/10/21 12:32:34] [ERROR] can't update member role: role id "850036007156056075" not cached
[12/10/21 12:32:34] [ERROR] can't update member role: role id "849898830505836544" not cached
[12/10/21 12:32:34] [ERROR] can't update member role: role id "850036007156056075" not cached
[12/10/21 12:32:34] [ERROR] can't update member role: role id "850036007156056075" not cached
[12/10/21 12:32:34] [ERROR] can't update member role: role id "850036007156056075" not cached
[12/10/21 12:32:34] [ERROR] can't update member role: role id "850036007156056075" not cached
[12/10/21 12:32:35] [ERROR] can't update member role: role id "850036007156056075" not cached
[12/10/21 12:32:35] [ERROR] can't update member role: role id "850036007156056075" not cached
[12/10/21 12:32:35] [ERROR] can't update member role: role id "850036007156056075" not cached
[12/10/21 12:32:35] [ERROR] can't update member role: role id "850036007156056075" not cached
[12/10/21 12:32:35] [ERROR] can't update member role: role id "850036007156056075" not cached
[12/10/21 12:32:35] [ERROR] can't update member role: role id "850036007156056075" not cached
[12/10/21 12:32:35] [ERROR] can't update member role: role id "850036007156056075" not cached
[12/10/21 12:32:35] [ERROR] can't update member role: role id "850036007156056075" not cached
[12/10/21 12:32:36] [ERROR] can't update member role: role id "850036007156056075" not cached
[12/10/21 12:32:36] [ERROR] can't update member role: role id "850036007156056075" not cached
[12/10/21 12:32:36] [ERROR] can't update member role: role id "850036007156056075" not cached
[12/10/21 12:32:37] [ERROR] can't update member role: role id "850036007156056075" not cached
[12/10/21 12:32:37] [ERROR] can't update member role: role id "850036007156056075" not cached
[12/10/21 12:32:37] [ERROR] can't update member role: role id "850036007156056075" not cached
[12/10/21 12:32:37] [ERROR] can't update member role: role id "850036007156056075" not cached
[12/10/21 12:32:38] [ERROR] can't update member role: role id "850036007156056075" not cached
[12/10/21 12:32:38] [ERROR] can't update member role: role id "850036007156056075" not cached
[12/10/21 12:32:38] [ERROR] can't update member role: role id "849472267045044245" not cached
[12/10/21 12:32:38] [ERROR] can't update member role: role id "850036007156056075" not cached
[12/10/21 12:32:39] [ERROR] can't update member role: role id "850036007156056075" not cached
[12/10/21 12:32:39] [ERROR] can't update member role: role id "850036007156056075" not cached
[12/10/21 12:33:18] [ERROR] can't update member role: role id "850036007156056075" not cached
[12/10/21 12:33:18] [ERROR] can't update member role: role id "850036007156056075" not cached
[12/10/21 12:33:19] [ERROR] can't update member role: role id "850036007156056075" not cached
[12/10/21 12:33:19] [ERROR] can't update member role: role id "849472267045044245" not cached
[12/10/21 12:33:20] [ERROR] can't update member role: role id "850036007156056075" not cached
[12/10/21 12:33:21] [ERROR] can't update member role: role id "850036007156056075" not cached
[12/10/21 12:33:22] [ERROR] can't update member role: role id "850036007156056075" not cached
[12/10/21 12:33:22] [ERROR] can't update member role: role id "850036007156056075" not cached
[12/10/21 12:33:23] [ERROR] can't update member role: role id "850036007156056075" not cached
[12/10/21 12:33:23] [ERROR] can't update member role: role id "850036007156056075" not cached
[12/10/21 12:33:24] [ERROR] can't update member role: role id "850036007156056075" not cached
[12/10/21 12:33:24] [ERROR] can't update member role: role id "850036007156056075" not cached
[12/10/21 12:33:25] [ERROR] can't update member role: role id "850036007156056075" not cached
[12/10/21 12:33:26] [ERROR] can't update member role: role id "850036007156056075" not cached
[12/10/21 12:33:26] [ERROR] can't update member role: role id "850036007156056075" not cached
[12/10/21 12:33:26] [ERROR] can't update member role: role id "850036007156056075" not cached
[12/10/21 12:33:26] [ERROR] can't update member role: role id "850036007156056075" not cached
[12/10/21 12:33:26] [ERROR] can't update member role: role id "850036007156056075" not cached
[12/10/21 12:33:27] [ERROR] can't update member role: role id "850036007156056075" not cached
[12/10/21 12:33:27] [ERROR] can't update member role: role id "850036007156056075" not cached
[12/10/21 12:33:28] [ERROR] can't update member role: role id "850036007156056075" not cached
[12/10/21 12:33:29] [ERROR] can't update member role: role id "850036007156056075" not cached
[12/10/21 12:33:30] [ERROR] can't update member role: role id "850036007156056075" not cached
[12/10/21 12:33:30] [ERROR] can't update member role: role id "850036007156056075" not cached
[12/10/21 12:33:30] [ERROR] can't update member role: role id "849898830505836544" not cached
[12/10/21 12:33:30] [ERROR] can't update member role: role id "850036007156056075" not cached
[12/10/21 12:33:30] [ERROR] can't update member role: role id "850036007156056075" not cached
[12/10/21 12:33:31] [ERROR] can't update member role: role id "850036007156056075" not cached
[12/10/21 12:33:31] [ERROR] can't update member role: role id "850036007156056075" not cached
[12/10/21 12:33:32] [ERROR] can't update member role: role id "850036007156056075" not cached
[12/10/21 12:33:32] [ERROR] can't update member role: role id "850036007156056075" not cached
[12/10/21 12:33:33] [ERROR] can't update member role: role id "850036007156056075" not cached
[12/10/21 12:33:33] [ERROR] can't update member role: role id "857191335004733440" not cached
[12/10/21 12:33:34] [ERROR] can't update member role: role id "850036007156056075" not cached
[12/10/21 12:33:34] [ERROR] DCC_IsUserBot: invalid user id '0'
[12/10/21 12:33:34] [ERROR] DCC_IsUserBot: invalid user id '0'
[12/10/21 12:33:34] [ERROR] can't update guild member presence: user id "348252362235969536" not cached
[12/10/21 12:33:34] [ERROR] DCC_IsUserBot: invalid user id '0'
[12/10/21 12:33:34] [ERROR] can't update guild member presence: user id "546538388422131721" not cached
[12/10/21 12:33:34] [ERROR] can't update guild member presence: user id "376424155152908289" not cached
[12/10/21 12:33:34] [ERROR] DCC_IsUserBot: invalid user id '0'
[12/10/21 12:33:35] [ERROR] DCC_IsUserBot: invalid user id '0'
[12/10/21 12:33:35] [ERROR] DCC_IsUserBot: invalid user id '0'
[12/10/21 12:33:35] [ERROR] can't update guild member presence: user id "318276797408215042" not cached
[12/10/21 12:33:37] [ERROR] can't update guild member presence: user id "368250742802219008" not cached
[12/10/21 12:33:43] [ERROR] can't update guild member presence: user id "833951951083012096" not cached
[12/10/21 12:33:46] [ERROR] can't update guild member presence: user id "362214955619057674" not cached
[12/10/21 12:33:51] [ERROR] can't update guild member presence: user id "348489801407922196" not cached
[12/10/21 12:33:52] [ERROR] Can't write to Discord websocket gateway: Operation canceled (125)
[12/10/21 12:36:41] [ERROR] can't update member role: role id "850036007156056075" not cached
[12/10/21 12:36:41] [ERROR] can't update member role: role id "857191335004733440" not cached
[12/10/21 12:36:41] [ERROR] can't update member role: role id "850036007156056075" not cached
[12/10/21 12:36:41] [ERROR] can't update member role: role id "850036007156056075" not cached
[12/10/21 12:36:41] [ERROR] can't update member role: role id "850036007156056075" not cached
[12/10/21 12:36:41] [ERROR] can't update member role: role id "850036007156056075" not cached
[12/10/21 12:36:41] [ERROR] can't update member role: role id "850036007156056075" not cached
[12/10/21 12:36:41] [ERROR] can't update member role: role id "850036007156056075" not cached
[12/10/21 12:36:42] [ERROR] can't update member role: role id "849898830505836544" not cached
[12/10/21 12:36:42] [ERROR] can't update member role: role id "850036007156056075" not cached
[12/10/21 12:36:42] [ERROR] can't update member role: role id "850036007156056075" not cached
[12/10/21 12:36:42] [ERROR] can't update member role: role id "850036007156056075" not cached
[12/10/21 12:36:42] [ERROR] can't update member role: role id "850036007156056075" not cached
[12/10/21 12:36:42] [ERROR] can't update member role: role id "850036007156056075" not cached
[12/10/21 12:36:42] [ERROR] can't update member role: role id "850036007156056075" not cached
[12/10/21 12:36:42] [ERROR] can't update member role: role id "850036007156056075" not cached
[12/10/21 12:36:42] [ERROR] can't update member role: role id "850036007156056075" not cached
[12/10/21 12:36:42] [ERROR] can't update member role: role id "850036007156056075" not cached
[12/10/21 12:36:43] [ERROR] can't update member role: role id "850036007156056075" not cached
[12/10/21 12:36:43] [ERROR] can't update member role: role id "850036007156056075" not cached
[12/10/21 12:36:43] [ERROR] can't update member role: role id "850036007156056075" not cached
[12/10/21 12:36:43] [ERROR] can't update member role: role id "850036007156056075" not cached
[12/10/21 12:36:43] [ERROR] can't update member role: role id "850036007156056075" not cached
[12/10/21 12:36:43] [ERROR] can't update member role: role id "850036007156056075" not cached
[12/10/21 12:36:44] [ERROR] can't update member role: role id "850036007156056075" not cached
[12/10/21 12:36:44] [ERROR] can't update member role: role id "850036007156056075" not cached
[12/10/21 12:36:44] [ERROR] can't update member role: role id "850036007156056075" not cached
[12/10/21 12:36:44] [ERROR] can't update member role: role id "850036007156056075" not cached
[12/10/21 12:36:45] [ERROR] can't update member role: role id "850036007156056075" not cached
[12/10/21 12:36:46] [ERROR] can't update member role: role id "850036007156056075" not cached
[12/10/21 12:36:46] [ERROR] can't update member role: role id "849472267045044245" not cached
[12/10/21 12:36:46] [ERROR] can't update member role: role id "850036007156056075" not cached
[12/10/21 12:36:46] [ERROR] can't update member role: role id "850036007156056075" not cached
[12/10/21 12:36:46] [ERROR] can't update member role: role id "850036007156056075" not cached
[12/10/21 12:37:24] [ERROR] can't update guild member presence: user id "566525417289154590" not cached
[12/10/21 12:37:24] [ERROR] can't update guild member presence: user id "870292068587696258" not cached
[12/10/21 12:37:24] [ERROR] can't update member role: role id "850036007156056075" not cached
[12/10/21 12:37:24] [ERROR] can't update member role: role id "850036007156056075" not cached
[12/10/21 12:37:25] [ERROR] can't update member role: role id "850036007156056075" not cached
[12/10/21 12:37:25] [ERROR] can't update member role: role id "849472267045044245" not cached
[12/10/21 12:37:26] [ERROR] can't update member role: role id "850036007156056075" not cached
[12/10/21 12:37:27] [ERROR] can't update member role: role id "850036007156056075" not cached
[12/10/21 12:37:28] [ERROR] can't update member role: role id "850036007156056075" not cached
[12/10/21 12:37:28] [ERROR] can't update member role: role id "850036007156056075" not cached
[12/10/21 12:37:29] [ERROR] can't update member role: role id "850036007156056075" not cached
[12/10/21 12:37:29] [ERROR] can't update member role: role id "850036007156056075" not cached
[12/10/21 12:37:30] [ERROR] can't update member role: role id "850036007156056075" not cached
[12/10/21 12:37:30] [ERROR] can't update member role: role id "850036007156056075" not cached
[12/10/21 12:37:31] [ERROR] can't update member role: role id "850036007156056075" not cached
[12/10/21 12:37:31] [ERROR] can't update member role: role id "850036007156056075" not cached
[12/10/21 12:37:32] [ERROR] can't update member role: role id "850036007156056075" not cached
[12/10/21 12:37:32] [ERROR] can't update member role: role id "850036007156056075" not cached
[12/10/21 12:37:32] [ERROR] can't update member role: role id "850036007156056075" not cached
[12/10/21 12:37:32] [ERROR] can't update member role: role id "850036007156056075" not cached
[12/10/21 12:37:33] [ERROR] can't update member role: role id "850036007156056075" not cached
[12/10/21 12:37:33] [ERROR] can't update member role: role id "850036007156056075" not cached
[12/10/21 12:37:34] [ERROR] can't update member role: role id "850036007156056075" not cached
[12/10/21 12:37:34] [ERROR] can't update member role: role id "850036007156056075" not cached
[12/10/21 12:37:35] [ERROR] can't update member role: role id "850036007156056075" not cached
[12/10/21 12:37:35] [ERROR] can't update member role: role id "850036007156056075" not cached
[12/10/21 12:37:35] [ERROR] can't update member role: role id "849898830505836544" not cached
[12/10/21 12:37:35] [ERROR] can't update member role: role id "850036007156056075" not cached
[12/10/21 12:37:36] [ERROR] can't update member role: role id "850036007156056075" not cached
[12/10/21 12:37:37] [ERROR] can't update member role: role id "850036007156056075" not cached
[12/10/21 12:37:37] [ERROR] can't update member role: role id "850036007156056075" not cached
[12/10/21 12:37:38] [ERROR] can't update member role: role id "850036007156056075" not cached
[12/10/21 12:37:38] [ERROR] can't update member role: role id "850036007156056075" not cached
[12/10/21 12:37:38] [ERROR] can't update member role: role id "850036007156056075" not cached
[12/10/21 12:37:39] [ERROR] can't update member role: role id "857191335004733440" not cached
[12/10/21 12:37:39] [ERROR] can't update member role: role id "850036007156056075" not cached
[12/10/21 12:37:40] [ERROR] can't update guild member presence: user id "867241418912956446" not cached
[12/10/21 12:37:40] [ERROR] can't update guild member presence: user id "404226362996555776" not cached
[12/10/21 12:37:40] [ERROR] DCC_IsUserBot: invalid user id '0'
[12/10/21 12:37:40] [ERROR] can't update guild member presence: user id "713325938586157107" not cached
[12/10/21 12:37:40] [ERROR] can't update guild member presence: user id "713325938586157107" not cached
[12/10/21 12:37:40] [ERROR] DCC_IsUserBot: invalid user id '0'
[12/10/21 12:37:40] [ERROR] DCC_IsUserBot: invalid user id '0'
[12/10/21 12:37:40] [ERROR] DCC_IsUserBot: invalid user id '0'
[12/10/21 12:37:40] [ERROR] DCC_IsUserBot: invalid user id '0'
[12/10/21 12:37:40] [ERROR] can't update guild member presence: user id "853856586950901791" not cached
[12/10/21 12:37:40] [ERROR] DCC_IsUserBot: invalid user id '0'
[12/10/21 12:37:45] [ERROR] DCC_IsUserBot: invalid user id '0'
[12/10/21 12:37:45] [ERROR] can't update guild member presence: user id "733947453644079157" not cached
[12/10/21 12:37:59] [ERROR] Can't write to Discord websocket gateway: Operation canceled (125)
[12/10/21 12:39:58] [ERROR] can't update member role: role id "850036007156056075" not cached
[12/10/21 12:39:58] [ERROR] can't update member role: role id "857191335004733440" not cached
[12/10/21 12:39:58] [ERROR] can't update member role: role id "850036007156056075" not cached
[12/10/21 12:39:58] [ERROR] can't update member role: role id "850036007156056075" not cached
[12/10/21 12:39:58] [ERROR] can't update member role: role id "850036007156056075" not cached
[12/10/21 12:39:58] [ERROR] can't update member role: role id "850036007156056075" not cached
[12/10/21 12:39:58] [ERROR] can't update member role: role id "850036007156056075" not cached
[12/10/21 12:39:58] [ERROR] can't update member role: role id "850036007156056075" not cached
[12/10/21 12:39:58] [ERROR] can't update member role: role id "849898830505836544" not cached
[12/10/21 12:39:58] [ERROR] can't update member role: role id "850036007156056075" not cached
[12/10/21 12:39:58] [ERROR] can't update member role: role id "850036007156056075" not cached
[12/10/21 12:39:58] [ERROR] can't update member role: role id "850036007156056075" not cached
[12/10/21 12:39:58] [ERROR] can't update member role: role id "850036007156056075" not cached
[12/10/21 12:39:58] [ERROR] can't update member role: role id "850036007156056075" not cached
[12/10/21 12:39:59] [ERROR] can't update member role: role id "850036007156056075" not cached
[12/10/21 12:39:59] [ERROR] can't update member role: role id "850036007156056075" not cached
[12/10/21 12:39:59] [ERROR] can't update member role: role id "850036007156056075" not cached
[12/10/21 12:39:59] [ERROR] can't update member role: role id "850036007156056075" not cached
[12/10/21 12:39:59] [ERROR] can't update member role: role id "850036007156056075" not cached
[12/10/21 12:39:59] [ERROR] can't update member role: role id "850036007156056075" not cached
[12/10/21 12:39:59] [ERROR] can't update member role: role id "850036007156056075" not cached
[12/10/21 12:39:59] [ERROR] can't update member role: role id "850036007156056075" not cached
[12/10/21 12:40:00] [ERROR] can't update member role: role id "850036007156056075" not cached
[12/10/21 12:40:00] [ERROR] can't update member role: role id "850036007156056075" not cached
[12/10/21 12:40:00] [ERROR] can't update member role: role id "850036007156056075" not cached
[12/10/21 12:40:00] [ERROR] can't update member role: role id "850036007156056075" not cached
[12/10/21 12:40:01] [ERROR] can't update member role: role id "850036007156056075" not cached
[12/10/21 12:40:01] [ERROR] can't update member role: role id "850036007156056075" not cached
[12/10/21 12:40:01] [ERROR] can't update member role: role id "850036007156056075" not cached
[12/10/21 12:40:02] [ERROR] can't update member role: role id "850036007156056075" not cached
[12/10/21 12:40:02] [ERROR] can't update member role: role id "849472267045044245" not cached
[12/10/21 12:40:02] [ERROR] can't update member role: role id "850036007156056075" not cached
[12/10/21 12:40:03] [ERROR] can't update member role: role id "850036007156056075" not cached
[12/10/21 12:40:03] [ERROR] can't update member role: role id "850036007156056075" not cached
[12/10/21 12:40:03] [ERROR] can't update guild member presence: user id "437958019318415371" not cached
[12/10/21 12:40:04] [ERROR] can't update member role: role id "850036007156056075" not cached
[12/10/21 12:40:04] [ERROR] can't update member role: role id "850036007156056075" not cached
[12/10/21 12:40:04] [ERROR] can't update member role: role id "850036007156056075" not cached
[12/10/21 12:40:04] [ERROR] can't update member role: role id "849472267045044245" not cached
[12/10/21 12:40:04] [ERROR] can't update member role: role id "850036007156056075" not cached
[12/10/21 12:40:05] [ERROR] can't update member role: role id "850036007156056075" not cached
[12/10/21 12:40:05] [ERROR] can't update member role: role id "850036007156056075" not cached
[12/10/21 12:40:06] [ERROR] can't update member role: role id "850036007156056075" not cached
[12/10/21 12:40:06] [ERROR] can't update member role: role id "850036007156056075" not cached
[12/10/21 12:40:06] [ERROR] can't update member role: role id "850036007156056075" not cached
[12/10/21 12:40:06] [ERROR] can't update member role: role id "850036007156056075" not cached
[12/10/21 12:40:06] [ERROR] can't update member role: role id "850036007156056075" not cached
[12/10/21 12:40:07] [ERROR] can't update member role: role id "850036007156056075" not cached
[12/10/21 12:40:07] [ERROR] can't update member role: role id "850036007156056075" not cached
[12/10/21 12:40:07] [ERROR] can't update member role: role id "850036007156056075" not cached
[12/10/21 12:40:07] [ERROR] can't update member role: role id "850036007156056075" not cached
[12/10/21 12:40:07] [ERROR] can't update member role: role id "850036007156056075" not cached
[12/10/21 12:40:07] [ERROR] can't update member role: role id "850036007156056075" not cached
[12/10/21 12:40:08] [ERROR] can't update member role: role id "850036007156056075" not cached
[12/10/21 12:40:08] [ERROR] can't update member role: role id "850036007156056075" not cached
[12/10/21 12:40:08] [ERROR] can't update member role: role id "850036007156056075" not cached
[12/10/21 12:40:09] [ERROR] can't update member role: role id "850036007156056075" not cached
[12/10/21 12:40:09] [ERROR] can't update member role: role id "850036007156056075" not cached
[12/10/21 12:40:09] [ERROR] can't update member role: role id "850036007156056075" not cached
[12/10/21 12:40:09] [ERROR] can't update member role: role id "849898830505836544" not cached
[12/10/21 12:40:09] [ERROR] can't update member role: role id "850036007156056075" not cached
[12/10/21 12:40:09] [ERROR] can't update member role: role id "850036007156056075" not cached
[12/10/21 12:40:10] [ERROR] can't update member role: role id "850036007156056075" not cached
[12/10/21 12:40:10] [ERROR] can't update member role: role id "850036007156056075" not cached
[12/10/21 12:40:10] [ERROR] can't update member role: role id "850036007156056075" not cached
[12/10/21 12:40:10] [ERROR] can't update member role: role id "850036007156056075" not cached
[12/10/21 12:40:10] [ERROR] can't update member role: role id "850036007156056075" not cached
[12/10/21 12:40:11] [ERROR] can't update member role: role id "857191335004733440" not cached
[12/10/21 12:40:11] [ERROR] can't update member role: role id "850036007156056075" not cached
[12/10/21 13:07:26] [ERROR] Error while retrieving HTTP POST response from '/api/v8/channels/909028193338544139/messages': short read
[12/10/21 13:22:21] [ERROR] Error while retrieving HTTP POST response from '/api/v8/channels/909028191149101088/messages': short read
[12/10/21 13:36:32] [ERROR] Error while retrieving HTTP POST response from '/api/v8/channels/909028193338544139/messages': short read
[12/10/21 13:44:20] [ERROR] can't update member role: role id "850036007156056075" not cached
[12/10/21 13:44:21] [ERROR] can't update member role: role id "850036007156056075" not cached
[12/10/21 13:51:49] [ERROR] Error while retrieving HTTP POST response from '/api/v8/channels/909028193338544139/messages': short read
[12/10/21 14:07:44] [ERROR] Error while retrieving HTTP POST response from '/api/v8/channels/909028196291321856/messages': short read
[12/10/21 14:22:03] [ERROR] Error while retrieving HTTP POST response from '/api/v8/channels/909028193338544139/messages': short read
[12/10/21 14:35:52] [ERROR] Error while retrieving HTTP POST response from '/api/v8/channels/918870569972285461/messages': short read
[12/10/21 14:39:26] [ERROR] can't serialize JSON: [json.exception.type_error.316] invalid UTF-8 byte at index 39: 0x5D
[12/10/21 14:50:28] [ERROR] Error while retrieving HTTP POST response from '/api/v8/channels/909028196291321856/messages': short read
[12/10/21 15:05:52] [ERROR] Error while retrieving HTTP POST response from '/api/v8/channels/909028191149101088/messages': short read
[12/10/21 15:06:05] [ERROR] can't serialize JSON: [json.exception.type_error.316] invalid UTF-8 byte at index 32: 0x5D
[12/10/21 15:15:24] [ERROR] can't serialize JSON: [json.exception.type_error.316] invalid UTF-8 byte at index 31: 0x5D
[12/10/21 15:15:34] [ERROR] can't serialize JSON: [json.exception.type_error.316] invalid UTF-8 byte at index 39: 0x5D
[12/10/21 15:20:55] [ERROR] Error while retrieving HTTP POST response from '/api/v8/channels/909028193338544139/messages': short read
[12/10/21 15:35:40] [ERROR] Error while retrieving HTTP POST response from '/api/v8/channels/909028193338544139/messages': short read
[12/10/21 15:50:21] [ERROR] Error while retrieving HTTP POST response from '/api/v8/channels/909028191149101088/messages': short read
[12/10/21 16:06:02] [ERROR] Error while retrieving HTTP POST response from '/api/v8/channels/909028193338544139/messages': short read
[12/10/21 16:19:40] [ERROR] Can't write to Discord websocket gateway: Operation canceled (125)
[12/10/21 16:19:41] [ERROR] Discord terminated websocket connection; reason: Not authenticated. (4003)
[12/10/21 16:19:41] [ERROR] Can't write to Discord websocket gateway: Operation canceled (125)
[12/10/21 16:22:25] [ERROR] Error while retrieving HTTP POST response from '/api/v8/channels/909028215622877187/messages': short read
[12/10/21 16:38:59] [ERROR] Error while retrieving HTTP POST response from '/api/v8/channels/909028215622877187/messages': short read
[12/10/21 16:55:28] [ERROR] Error while retrieving HTTP POST response from '/api/v8/channels/909028215622877187/messages': short read
[12/10/21 17:11:16] [ERROR] Error while retrieving HTTP POST response from '/api/v8/channels/909028193338544139/messages': short read
[12/10/21 17:25:26] [ERROR] Can't write to Discord websocket gateway: Operation canceled (125)
