[12/10/21 12:30:29] [ERROR] error #1146 while executing query "SELECT * FROM `contacs`": Table 'server_7290_great.contacs' doesn't exist (e:\IndoGreat Roleplay\GREAT\gamemodes\GM.pwn:975 -> E:\IndoGreat Roleplay\GREAT\pawno\include\geoiplite.inc:975 -> E:\IndoGreat Roleplay\GREAT\pawno\include\EVF2.inc:975 -> E:\IndoGreat Roleplay\GREAT\pawno\include\3DTryg.inc:975 -> E:\IndoGreat Roleplay\GREAT\pawno\include\sscanf2.inc:975 -> E:\IndoGreat Roleplay\GREAT\pawno\include\Pawn.CMD.inc:975 -> E:\IndoGreat Roleplay\GREAT\pawno\include\YSI_Data\..\YSI_Internal\..\YSI_Core\..\YSI_Internal\..\YSI_Server\y_scriptinit.inc:236)
[12/10/21 12:32:54] [ERROR] CConnection::CConnection - establishing connection to MySQL database failed: #1226 'User 'server_7290' has exceeded the 'max_user_connections' resource (current value: 10)'
[12/10/21 12:32:54] [ERROR] CConnection::CConnection - establishing connection to MySQL database failed: #1226 'User 'server_7290' has exceeded the 'max_user_connections' resource (current value: 10)'
[12/10/21 12:32:59] [ERROR] error #1146 while executing query "SELECT * FROM `contacs`": Table 'server_7290_great.contacs' doesn't exist (e:\IndoGreat Roleplay\GREAT\gamemodes\GM.pwn:975 -> E:\IndoGreat Roleplay\GREAT\pawno\include\geoiplite.inc:975 -> E:\IndoGreat Roleplay\GREAT\pawno\include\EVF2.inc:975 -> E:\IndoGreat Roleplay\GREAT\pawno\include\3DTryg.inc:975 -> E:\IndoGreat Roleplay\GREAT\pawno\include\sscanf2.inc:975 -> E:\IndoGreat Roleplay\GREAT\pawno\include\Pawn.CMD.inc:975 -> E:\IndoGreat Roleplay\GREAT\pawno\include\YSI_Data\..\YSI_Internal\..\YSI_Core\..\YSI_Internal\..\YSI_Server\y_scriptinit.inc:236)
[12/10/21 12:37:07] [ERROR] error #1146 while executing query "SELECT * FROM `contacs`": Table 'server_7290_great.contacs' doesn't exist (e:\IndoGreat Roleplay\GREAT\gamemodes\GM.pwn:975 -> E:\IndoGreat Roleplay\GREAT\pawno\include\geoiplite.inc:975 -> E:\IndoGreat Roleplay\GREAT\pawno\include\EVF2.inc:975 -> E:\IndoGreat Roleplay\GREAT\pawno\include\3DTryg.inc:975 -> E:\IndoGreat Roleplay\GREAT\pawno\include\sscanf2.inc:975 -> E:\IndoGreat Roleplay\GREAT\pawno\include\Pawn.CMD.inc:975 -> E:\IndoGreat Roleplay\GREAT\pawno\include\YSI_Data\..\YSI_Internal\..\YSI_Core\..\YSI_Internal\..\YSI_Server\y_scriptinit.inc:236)
[12/10/21 12:39:03] [ERROR] error #1146 while executing query "SELECT * FROM `contacs`": Table 'server_7290_great.contacs' doesn't exist (e:\IndoGreat Roleplay\GREAT\gamemodes\GM.pwn:975 -> E:\IndoGreat Roleplay\GREAT\pawno\include\geoiplite.inc:975 -> E:\IndoGreat Roleplay\GREAT\pawno\include\EVF2.inc:975 -> E:\IndoGreat Roleplay\GREAT\pawno\include\3DTryg.inc:975 -> E:\IndoGreat Roleplay\GREAT\pawno\include\sscanf2.inc:975 -> E:\IndoGreat Roleplay\GREAT\pawno\include\Pawn.CMD.inc:975 -> E:\IndoGreat Roleplay\GREAT\pawno\include\YSI_Data\..\YSI_Internal\..\YSI_Core\..\YSI_Internal\..\YSI_Server\y_scriptinit.inc:236)
[12/10/21 12:41:13] [ERROR] cache_get_value_name_int: no active cache (UCP.pwn:975 -> DIALOG.pwn:974)
[12/10/21 12:46:40] [ERROR] cache_get_value_name: invalid row index '0' (number of rows: '0') (FUNCTION.pwn:975)
[12/10/21 12:46:40] [ERROR] cache_get_value_name: invalid row index '0' (number of rows: '0') (FUNCTION.pwn:975)
[12/10/21 12:46:40] [ERROR] cache_get_value_name: invalid row index '0' (number of rows: '0') (FUNCTION.pwn:975)
[12/10/21 12:46:40] [ERROR] cache_get_value_name_int: invalid row index '0' (number of rows: '0') (FUNCTION.pwn:975)
[12/10/21 12:48:12] [ERROR] cache_get_value_name_int: invalid row index '0' (number of rows: '0') (UCP.pwn:975)
[12/10/21 12:48:55] [ERROR] cache_get_value_name_int: no active cache (UCP.pwn:975 -> DIALOG.pwn:974)
[12/10/21 12:48:58] [ERROR] cache_get_value_name_int: no active cache (UCP.pwn:975 -> DIALOG.pwn:974)
[12/10/21 12:51:57] [ERROR] cache_get_value_name_int: no active cache (UCP.pwn:975 -> DIALOG.pwn:974)
[12/10/21 12:52:09] [ERROR] cache_get_value_name_int: invalid row index '0' (number of rows: '0') (UCP.pwn:975)
[12/10/21 12:52:28] [ERROR] cache_get_value_name_int: invalid row index '0' (number of rows: '0') (UCP.pwn:975)
[12/10/21 12:52:47] [ERROR] cache_get_value_name_int: no active cache (UCP.pwn:975 -> DIALOG.pwn:974)
[12/10/21 12:52:51] [ERROR] cache_get_value_name_int: no active cache (UCP.pwn:975 -> DIALOG.pwn:974)
[12/10/21 12:52:56] [ERROR] cache_get_value_name_int: no active cache (UCP.pwn:975 -> DIALOG.pwn:974)
[12/10/21 12:55:21] [ERROR] cache_get_value_name_int: no active cache (UCP.pwn:975 -> DIALOG.pwn:974)
[12/10/21 12:55:33] [ERROR] cache_get_value_name_int: no active cache (UCP.pwn:975 -> DIALOG.pwn:974)
[12/10/21 12:55:49] [ERROR] cache_get_value_name: invalid row index '0' (number of rows: '0') (FUNCTION.pwn:975)
[12/10/21 12:55:50] [ERROR] cache_get_value_name: invalid row index '0' (number of rows: '0') (FUNCTION.pwn:975)
[12/10/21 12:55:50] [ERROR] cache_get_value_name: invalid row index '0' (number of rows: '0') (FUNCTION.pwn:975)
[12/10/21 12:55:50] [ERROR] cache_get_value_name_int: invalid row index '0' (number of rows: '0') (FUNCTION.pwn:975)
[12/10/21 12:56:13] [ERROR] cache_get_value_name_int: no active cache (UCP.pwn:975 -> DIALOG.pwn:974)
[12/10/21 12:56:28] [ERROR] cache_get_value_name_int: invalid row index '0' (number of rows: '0') (UCP.pwn:975)
[12/10/21 12:57:35] [ERROR] cache_get_value_name_int: invalid row index '0' (number of rows: '0') (UCP.pwn:975)
[12/10/21 12:58:14] [ERROR] cache_get_value_name_int: no active cache (UCP.pwn:975 -> DIALOG.pwn:974)
[12/10/21 12:58:32] [ERROR] cache_get_value_name_int: no active cache (UCP.pwn:975 -> DIALOG.pwn:974)
[12/10/21 12:59:12] [ERROR] cache_get_value_name_int: invalid row index '0' (number of rows: '0') (UCP.pwn:975)
[12/10/21 12:59:18] [ERROR] cache_get_value_name_int: no active cache (UCP.pwn:975 -> DIALOG.pwn:974)
[12/10/21 12:59:40] [ERROR] cache_get_value_name: invalid row index '0' (number of rows: '0') (FUNCTION.pwn:975)
[12/10/21 12:59:40] [ERROR] cache_get_value_name: invalid row index '0' (number of rows: '0') (FUNCTION.pwn:975)
[12/10/21 12:59:40] [ERROR] cache_get_value_name: invalid row index '0' (number of rows: '0') (FUNCTION.pwn:975)
[12/10/21 12:59:40] [ERROR] cache_get_value_name_int: invalid row index '0' (number of rows: '0') (FUNCTION.pwn:975)
[12/10/21 13:00:33] [ERROR] cache_get_value_name_int: no active cache (UCP.pwn:975 -> DIALOG.pwn:974)
[12/10/21 13:00:44] [ERROR] cache_get_value_name_int: invalid row index '0' (number of rows: '0') (UCP.pwn:975)
[12/10/21 13:01:09] [ERROR] cache_get_value_name_int: invalid row index '0' (number of rows: '0') (UCP.pwn:975)
[12/10/21 13:01:18] [ERROR] cache_get_value_name_int: field 'extrac' not found (UCP.pwn:975 -> DIALOG.pwn:974)
[12/10/21 13:01:26] [ERROR] cache_get_value_name: invalid row index '0' (number of rows: '0') (FUNCTION.pwn:975)
[12/10/21 13:01:26] [ERROR] cache_get_value_name: invalid row index '0' (number of rows: '0') (FUNCTION.pwn:975)
[12/10/21 13:01:26] [ERROR] cache_get_value_name: invalid row index '0' (number of rows: '0') (FUNCTION.pwn:975)
[12/10/21 13:01:26] [ERROR] cache_get_value_name_int: invalid row index '0' (number of rows: '0') (FUNCTION.pwn:975)
[12/10/21 13:01:44] [ERROR] cache_get_value_name_int: no active cache (UCP.pwn:975 -> DIALOG.pwn:974)
[12/10/21 13:03:30] [ERROR] cache_get_value_name_int: no active cache (UCP.pwn:975 -> DIALOG.pwn:974)
[12/10/21 13:03:30] [ERROR] cache_get_value_name_int: no active cache (UCP.pwn:975 -> DIALOG.pwn:974)
[12/10/21 13:03:46] [ERROR] cache_get_value_name_int: invalid row index '0' (number of rows: '0') (UCP.pwn:975)
[12/10/21 13:04:00] [ERROR] cache_get_value_name_int: no active cache (UCP.pwn:975 -> DIALOG.pwn:974)
[12/10/21 13:04:17] [ERROR] cache_get_value_name_int: invalid row index '0' (number of rows: '0') (UCP.pwn:975)
[12/10/21 13:04:39] [ERROR] cache_get_value_name_int: no active cache (UCP.pwn:975 -> DIALOG.pwn:974)
[12/10/21 13:04:56] [ERROR] cache_get_value_name_int: field 'extrac' not found (UCP.pwn:975 -> DIALOG.pwn:974)
[12/10/21 13:05:42] [ERROR] cache_get_value_name_int: invalid row index '0' (number of rows: '0') (UCP.pwn:975 -> DIALOG.pwn:974)
[12/10/21 13:06:21] [ERROR] cache_get_value_name_int: invalid row index '0' (number of rows: '0') (UCP.pwn:975)
[12/10/21 13:06:55] [ERROR] cache_get_value_name: invalid row index '0' (number of rows: '0') (FUNCTION.pwn:975)
[12/10/21 13:06:55] [ERROR] cache_get_value_name: invalid row index '0' (number of rows: '0') (FUNCTION.pwn:975)
[12/10/21 13:06:55] [ERROR] cache_get_value_name: invalid row index '0' (number of rows: '0') (FUNCTION.pwn:975)
[12/10/21 13:06:55] [ERROR] cache_get_value_name_int: invalid row index '0' (number of rows: '0') (FUNCTION.pwn:975)
[12/10/21 13:07:23] [ERROR] cache_get_value_name_int: invalid row index '0' (number of rows: '0') (UCP.pwn:975)
[12/10/21 13:07:37] [ERROR] cache_get_value_name_int: invalid row index '0' (number of rows: '0') (UCP.pwn:975)
[12/10/21 13:07:49] [ERROR] cache_get_value_name_int: invalid row index '0' (number of rows: '0') (UCP.pwn:975)
[12/10/21 13:07:57] [ERROR] cache_get_value_name_int: invalid row index '0' (number of rows: '0') (UCP.pwn:975)
[12/10/21 13:09:44] [ERROR] cache_get_value_name_int: no active cache (UCP.pwn:975 -> DIALOG.pwn:974)
[12/10/21 13:10:17] [ERROR] cache_get_value_name_int: no active cache (UCP.pwn:975 -> DIALOG.pwn:974)
[12/10/21 13:10:22] [ERROR] cache_get_value_name_int: no active cache (UCP.pwn:975 -> DIALOG.pwn:974)
[12/10/21 13:10:45] [ERROR] cache_get_value_name_int: no active cache (UCP.pwn:975 -> DIALOG.pwn:974)
[12/10/21 13:10:50] [ERROR] cache_get_value_name_int: invalid row index '0' (number of rows: '0') (UCP.pwn:975)
[12/10/21 13:11:12] [ERROR] cache_get_value_name_int: invalid row index '0' (number of rows: '0') (UCP.pwn:975)
[12/10/21 13:11:28] [ERROR] cache_get_value_name_int: invalid row index '0' (number of rows: '0') (UCP.pwn:975)
[12/10/21 13:11:35] [ERROR] cache_get_value_name_int: invalid row index '0' (number of rows: '0') (UCP.pwn:975)
[12/10/21 13:11:49] [ERROR] cache_get_value_name_int: invalid row index '0' (number of rows: '0') (UCP.pwn:975)
[12/10/21 13:12:02] [ERROR] cache_get_value_name_int: no active cache (UCP.pwn:975 -> DIALOG.pwn:974)
[12/10/21 13:12:52] [ERROR] cache_get_value_name_int: invalid row index '0' (number of rows: '0') (UCP.pwn:975)
[12/10/21 13:14:04] [ERROR] cache_get_value_name_int: no active cache (UCP.pwn:975 -> DIALOG.pwn:974)
[12/10/21 13:14:06] [ERROR] cache_get_value_name_int: invalid row index '0' (number of rows: '0') (UCP.pwn:975)
[12/10/21 13:14:50] [ERROR] cache_get_value_name_int: no active cache (UCP.pwn:975 -> DIALOG.pwn:974)
[12/10/21 13:15:50] [ERROR] cache_get_value_name_int: invalid row index '0' (number of rows: '0') (UCP.pwn:975)
[12/10/21 13:16:14] [ERROR] cache_get_value_name_int: invalid row index '0' (number of rows: '0') (UCP.pwn:975)
[12/10/21 13:16:16] [ERROR] cache_get_value_name_int: no active cache (UCP.pwn:975 -> DIALOG.pwn:974)
[12/10/21 13:16:40] [ERROR] cache_get_value_name_int: no active cache (UCP.pwn:975 -> DIALOG.pwn:974)
[12/10/21 13:16:47] [ERROR] cache_get_value_name_int: no active cache (UCP.pwn:975 -> DIALOG.pwn:974)
[12/10/21 13:16:51] [ERROR] cache_get_value_name_int: invalid row index '0' (number of rows: '0') (UCP.pwn:975)
[12/10/21 13:16:56] [ERROR] cache_get_value_name_int: no active cache (UCP.pwn:975 -> DIALOG.pwn:974)
[12/10/21 13:20:15] [ERROR] cache_get_value_name_int: no active cache (UCP.pwn:975 -> DIALOG.pwn:974)
[12/10/21 13:20:17] [ERROR] cache_get_value_name_int: invalid row index '0' (number of rows: '0') (UCP.pwn:975)
[12/10/21 13:21:25] [ERROR] cache_get_value_name: invalid row index '0' (number of rows: '0') (FUNCTION.pwn:975)
[12/10/21 13:21:25] [ERROR] cache_get_value_name: invalid row index '0' (number of rows: '0') (FUNCTION.pwn:975)
[12/10/21 13:21:25] [ERROR] cache_get_value_name: invalid row index '0' (number of rows: '0') (FUNCTION.pwn:975)
[12/10/21 13:21:25] [ERROR] cache_get_value_name_int: invalid row index '0' (number of rows: '0') (FUNCTION.pwn:975)
[12/10/21 13:21:30] [ERROR] cache_get_value_name_int: invalid row index '0' (number of rows: '0') (UCP.pwn:975)
[12/10/21 13:21:43] [ERROR] cache_get_value_name_int: no active cache (UCP.pwn:975 -> DIALOG.pwn:974)
[12/10/21 13:22:02] [ERROR] cache_get_value_name_int: invalid row index '0' (number of rows: '0') (UCP.pwn:975 -> DIALOG.pwn:974)
[12/10/21 13:22:23] [ERROR] cache_get_value_name_int: no active cache (UCP.pwn:975 -> DIALOG.pwn:974)
[12/10/21 13:22:50] [ERROR] cache_get_value_name_int: no active cache (UCP.pwn:975 -> DIALOG.pwn:974)
[12/10/21 13:23:17] [ERROR] cache_get_value_name_int: invalid row index '0' (number of rows: '0') (UCP.pwn:975)
[12/10/21 13:23:20] [ERROR] cache_get_value_name: invalid row index '0' (number of rows: '0') (FUNCTION.pwn:975)
[12/10/21 13:23:20] [ERROR] cache_get_value_name: invalid row index '0' (number of rows: '0') (FUNCTION.pwn:975)
[12/10/21 13:23:20] [ERROR] cache_get_value_name: invalid row index '0' (number of rows: '0') (FUNCTION.pwn:975)
[12/10/21 13:23:20] [ERROR] cache_get_value_name_int: invalid row index '0' (number of rows: '0') (FUNCTION.pwn:975)
[12/10/21 13:23:57] [ERROR] cache_get_value_name: invalid row index '0' (number of rows: '0') (FUNCTION.pwn:975)
[12/10/21 13:23:57] [ERROR] cache_get_value_name: invalid row index '0' (number of rows: '0') (FUNCTION.pwn:975)
[12/10/21 13:23:57] [ERROR] cache_get_value_name: invalid row index '0' (number of rows: '0') (FUNCTION.pwn:975)
[12/10/21 13:23:57] [ERROR] cache_get_value_name_int: invalid row index '0' (number of rows: '0') (FUNCTION.pwn:975)
[12/10/21 13:24:28] [ERROR] cache_get_value_name_int: no active cache (UCP.pwn:975 -> DIALOG.pwn:974)
[12/10/21 13:24:33] [ERROR] cache_get_value_name_int: no active cache (UCP.pwn:975 -> DIALOG.pwn:974)
[12/10/21 13:24:40] [ERROR] cache_get_value_name_int: no active cache (UCP.pwn:975 -> DIALOG.pwn:974)
[12/10/21 13:25:17] [ERROR] cache_get_value_name: invalid row index '0' (number of rows: '0') (FUNCTION.pwn:975)
[12/10/21 13:25:17] [ERROR] cache_get_value_name: invalid row index '0' (number of rows: '0') (FUNCTION.pwn:975)
[12/10/21 13:25:17] [ERROR] cache_get_value_name: invalid row index '0' (number of rows: '0') (FUNCTION.pwn:975)
[12/10/21 13:25:17] [ERROR] cache_get_value_name_int: invalid row index '0' (number of rows: '0') (FUNCTION.pwn:975)
[12/10/21 13:25:22] [ERROR] cache_get_value_name_int: invalid row index '0' (number of rows: '0') (UCP.pwn:975)
[12/10/21 13:25:43] [ERROR] cache_get_value_name_int: no active cache (UCP.pwn:975 -> DIALOG.pwn:974)
[12/10/21 13:26:34] [ERROR] cache_get_value_name: invalid row index '0' (number of rows: '0') (FUNCTION.pwn:975)
[12/10/21 13:26:34] [ERROR] cache_get_value_name: invalid row index '0' (number of rows: '0') (FUNCTION.pwn:975)
[12/10/21 13:26:34] [ERROR] cache_get_value_name: invalid row index '0' (number of rows: '0') (FUNCTION.pwn:975)
[12/10/21 13:26:34] [ERROR] cache_get_value_name_int: invalid row index '0' (number of rows: '0') (FUNCTION.pwn:975)
[12/10/21 13:26:50] [ERROR] cache_get_value_name_int: invalid row index '0' (number of rows: '0') (UCP.pwn:975)
[12/10/21 13:27:03] [ERROR] cache_get_value_name_int: no active cache (UCP.pwn:975 -> DIALOG.pwn:974)
[12/10/21 13:27:33] [ERROR] cache_get_value_name_int: invalid row index '0' (number of rows: '0') (UCP.pwn:975)
[12/10/21 13:29:20] [ERROR] cache_get_value_name_int: no active cache (UCP.pwn:975 -> DIALOG.pwn:974)
[12/10/21 13:29:57] [ERROR] cache_get_value_name_int: no active cache (UCP.pwn:975 -> DIALOG.pwn:974)
[12/10/21 13:30:39] [ERROR] cache_get_value_name_int: invalid row index '0' (number of rows: '0') (UCP.pwn:975)
[12/10/21 13:32:03] [ERROR] cache_get_value_name_int: no active cache (UCP.pwn:975 -> DIALOG.pwn:974)
[12/10/21 13:33:01] [ERROR] cache_get_value_name_int: no active cache (UCP.pwn:975 -> DIALOG.pwn:974)
[12/10/21 13:33:06] [ERROR] cache_get_value_name_int: invalid row index '0' (number of rows: '0') (UCP.pwn:975)
[12/10/21 13:33:46] [ERROR] cache_get_value_name_int: no active cache (UCP.pwn:975 -> DIALOG.pwn:974)
[12/10/21 13:33:48] [ERROR] cache_get_value_name_int: invalid row index '0' (number of rows: '0') (UCP.pwn:975)
[12/10/21 13:34:14] [ERROR] cache_get_value_name_int: invalid row index '0' (number of rows: '0') (UCP.pwn:975 -> DIALOG.pwn:974)
[12/10/21 13:34:38] [ERROR] cache_get_value_name_int: invalid row index '0' (number of rows: '0') (UCP.pwn:975)
[12/10/21 13:34:42] [ERROR] cache_get_value_name_int: no active cache (UCP.pwn:975 -> DIALOG.pwn:974)
[12/10/21 13:35:34] [ERROR] cache_get_value_name_int: invalid row index '0' (number of rows: '0') (UCP.pwn:975)
[12/10/21 13:36:13] [ERROR] cache_get_value_name_int: no active cache (UCP.pwn:975 -> DIALOG.pwn:974)
[12/10/21 13:36:41] [ERROR] cache_get_value_name_int: invalid row index '0' (number of rows: '0') (UCP.pwn:975 -> DIALOG.pwn:974)
[12/10/21 13:36:57] [ERROR] cache_get_value_name_int: no active cache (UCP.pwn:975 -> DIALOG.pwn:974)
[12/10/21 13:37:48] [ERROR] cache_get_value_name: invalid row index '0' (number of rows: '0') (FUNCTION.pwn:975)
[12/10/21 13:37:48] [ERROR] cache_get_value_name: invalid row index '0' (number of rows: '0') (FUNCTION.pwn:975)
[12/10/21 13:37:48] [ERROR] cache_get_value_name: invalid row index '0' (number of rows: '0') (FUNCTION.pwn:975)
[12/10/21 13:37:48] [ERROR] cache_get_value_name_int: invalid row index '0' (number of rows: '0') (FUNCTION.pwn:975)
[12/10/21 13:38:54] [ERROR] cache_get_value_name_int: invalid row index '0' (number of rows: '0') (UCP.pwn:975)
[12/10/21 13:39:33] [ERROR] cache_get_value_name_int: invalid row index '0' (number of rows: '0') (UCP.pwn:975 -> DIALOG.pwn:974)
[12/10/21 13:40:14] [ERROR] cache_get_value_name: invalid row index '0' (number of rows: '0') (FUNCTION.pwn:975)
[12/10/21 13:40:14] [ERROR] cache_get_value_name: invalid row index '0' (number of rows: '0') (FUNCTION.pwn:975)
[12/10/21 13:40:14] [ERROR] cache_get_value_name: invalid row index '0' (number of rows: '0') (FUNCTION.pwn:975)
[12/10/21 13:40:14] [ERROR] cache_get_value_name_int: invalid row index '0' (number of rows: '0') (FUNCTION.pwn:975)
[12/10/21 13:40:48] [ERROR] cache_get_value_name_int: invalid row index '0' (number of rows: '0') (UCP.pwn:975)
[12/10/21 13:41:20] [ERROR] cache_get_value_name_int: invalid row index '0' (number of rows: '0') (UCP.pwn:975)
[12/10/21 13:41:33] [ERROR] cache_get_value_name_int: invalid row index '0' (number of rows: '0') (UCP.pwn:975)
[12/10/21 13:41:40] [ERROR] cache_get_value_name_int: no active cache (UCP.pwn:975 -> DIALOG.pwn:974)
[12/10/21 13:41:50] [ERROR] cache_get_value_name_int: no active cache (UCP.pwn:975 -> DIALOG.pwn:974)
[12/10/21 13:42:36] [ERROR] cache_get_value_name_int: no active cache (UCP.pwn:975 -> DIALOG.pwn:974)
[12/10/21 13:42:51] [ERROR] cache_get_value_name_int: invalid row index '0' (number of rows: '0') (UCP.pwn:975)
[12/10/21 13:43:12] [ERROR] cache_get_value_name: invalid row index '0' (number of rows: '0') (FUNCTION.pwn:975)
[12/10/21 13:43:12] [ERROR] cache_get_value_name: invalid row index '0' (number of rows: '0') (FUNCTION.pwn:975)
[12/10/21 13:43:12] [ERROR] cache_get_value_name: invalid row index '0' (number of rows: '0') (FUNCTION.pwn:975)
[12/10/21 13:43:12] [ERROR] cache_get_value_name_int: invalid row index '0' (number of rows: '0') (FUNCTION.pwn:975)
[12/10/21 13:44:11] [ERROR] cache_get_value_name_int: no active cache (UCP.pwn:975 -> DIALOG.pwn:974)
[12/10/21 13:44:19] [ERROR] cache_get_value_name: invalid row index '0' (number of rows: '0') (FUNCTION.pwn:975)
[12/10/21 13:44:19] [ERROR] cache_get_value_name: invalid row index '0' (number of rows: '0') (FUNCTION.pwn:975)
[12/10/21 13:44:19] [ERROR] cache_get_value_name: invalid row index '0' (number of rows: '0') (FUNCTION.pwn:975)
[12/10/21 13:44:19] [ERROR] cache_get_value_name_int: invalid row index '0' (number of rows: '0') (FUNCTION.pwn:975)
[12/10/21 13:45:13] [ERROR] cache_get_value_name: invalid row index '0' (number of rows: '0') (FUNCTION.pwn:975)
[12/10/21 13:45:13] [ERROR] cache_get_value_name: invalid row index '0' (number of rows: '0') (FUNCTION.pwn:975)
[12/10/21 13:45:13] [ERROR] cache_get_value_name: invalid row index '0' (number of rows: '0') (FUNCTION.pwn:975)
[12/10/21 13:45:13] [ERROR] cache_get_value_name_int: invalid row index '0' (number of rows: '0') (FUNCTION.pwn:975)
[12/10/21 13:45:19] [ERROR] cache_get_value_name: invalid row index '0' (number of rows: '0') (FUNCTION.pwn:975)
[12/10/21 13:45:19] [ERROR] cache_get_value_name: invalid row index '0' (number of rows: '0') (FUNCTION.pwn:975)
[12/10/21 13:45:19] [ERROR] cache_get_value_name: invalid row index '0' (number of rows: '0') (FUNCTION.pwn:975)
[12/10/21 13:45:19] [ERROR] cache_get_value_name_int: invalid row index '0' (number of rows: '0') (FUNCTION.pwn:975)
[12/10/21 13:45:33] [ERROR] cache_get_value_name: invalid row index '0' (number of rows: '0') (FUNCTION.pwn:975)
[12/10/21 13:45:33] [ERROR] cache_get_value_name: invalid row index '0' (number of rows: '0') (FUNCTION.pwn:975)
[12/10/21 13:45:33] [ERROR] cache_get_value_name: invalid row index '0' (number of rows: '0') (FUNCTION.pwn:975)
[12/10/21 13:45:33] [ERROR] cache_get_value_name_int: invalid row index '0' (number of rows: '0') (FUNCTION.pwn:975)
[12/10/21 13:46:36] [ERROR] cache_get_value_name_int: invalid row index '0' (number of rows: '0') (UCP.pwn:975)
[12/10/21 13:46:41] [ERROR] cache_get_value_name_int: no active cache (UCP.pwn:975 -> DIALOG.pwn:974)
[12/10/21 13:47:18] [ERROR] cache_get_value_name_int: invalid row index '0' (number of rows: '0') (UCP.pwn:975)
[12/10/21 13:47:41] [ERROR] cache_get_value_name_int: no active cache (UCP.pwn:975 -> DIALOG.pwn:974)
[12/10/21 13:48:02] [ERROR] cache_get_value_name_int: invalid row index '0' (number of rows: '0') (UCP.pwn:975)
[12/10/21 13:48:06] [ERROR] cache_get_value_name: invalid row index '0' (number of rows: '0') (FUNCTION.pwn:975)
[12/10/21 13:48:06] [ERROR] cache_get_value_name: invalid row index '0' (number of rows: '0') (FUNCTION.pwn:975)
[12/10/21 13:48:06] [ERROR] cache_get_value_name: invalid row index '0' (number of rows: '0') (FUNCTION.pwn:975)
[12/10/21 13:48:06] [ERROR] cache_get_value_name_int: invalid row index '0' (number of rows: '0') (FUNCTION.pwn:975)
[12/10/21 13:48:24] [ERROR] cache_get_value_name_int: invalid row index '0' (number of rows: '0') (UCP.pwn:975)
[12/10/21 13:48:38] [ERROR] cache_get_value_name_int: no active cache (UCP.pwn:975 -> DIALOG.pwn:974)
[12/10/21 13:49:06] [ERROR] cache_get_value_name_int: invalid row index '0' (number of rows: '0') (UCP.pwn:975)
[12/10/21 13:49:24] [ERROR] cache_get_value_name_int: invalid row index '0' (number of rows: '0') (UCP.pwn:975)
[12/10/21 13:49:48] [ERROR] cache_get_value_name: invalid row index '0' (number of rows: '0') (FUNCTION.pwn:975)
[12/10/21 13:49:48] [ERROR] cache_get_value_name: invalid row index '0' (number of rows: '0') (FUNCTION.pwn:975)
[12/10/21 13:49:48] [ERROR] cache_get_value_name: invalid row index '0' (number of rows: '0') (FUNCTION.pwn:975)
[12/10/21 13:49:48] [ERROR] cache_get_value_name_int: invalid row index '0' (number of rows: '0') (FUNCTION.pwn:975)
[12/10/21 13:50:09] [ERROR] cache_get_value_name_int: invalid row index '0' (number of rows: '0') (UCP.pwn:975)
[12/10/21 13:50:14] [ERROR] cache_get_value_name_int: no active cache (UCP.pwn:975 -> DIALOG.pwn:974)
[12/10/21 13:50:40] [ERROR] cache_get_value_name_int: invalid row index '0' (number of rows: '0') (UCP.pwn:975)
[12/10/21 13:51:54] [ERROR] cache_get_value_name: invalid row index '0' (number of rows: '0') (FUNCTION.pwn:975)
[12/10/21 13:51:54] [ERROR] cache_get_value_name: invalid row index '0' (number of rows: '0') (FUNCTION.pwn:975)
[12/10/21 13:51:54] [ERROR] cache_get_value_name: invalid row index '0' (number of rows: '0') (FUNCTION.pwn:975)
[12/10/21 13:51:54] [ERROR] cache_get_value_name_int: invalid row index '0' (number of rows: '0') (FUNCTION.pwn:975)
[12/10/21 13:52:19] [ERROR] cache_get_value_name_int: no active cache (UCP.pwn:975 -> DIALOG.pwn:974)
[12/10/21 13:53:15] [ERROR] cache_get_value_name_int: invalid row index '0' (number of rows: '0') (UCP.pwn:975 -> DIALOG.pwn:974)
[12/10/21 13:53:31] [ERROR] cache_get_value_name_int: invalid row index '0' (number of rows: '0') (UCP.pwn:975 -> DIALOG.pwn:974)
[12/10/21 13:53:33] [ERROR] cache_get_value_name_int: no active cache (UCP.pwn:975 -> DIALOG.pwn:974)
[12/10/21 13:54:23] [ERROR] cache_get_value_name_int: invalid row index '0' (number of rows: '0') (UCP.pwn:975 -> DIALOG.pwn:974)
[12/10/21 13:54:29] [ERROR] cache_get_value_name: invalid row index '0' (number of rows: '0') (FUNCTION.pwn:975)
[12/10/21 13:54:29] [ERROR] cache_get_value_name: invalid row index '0' (number of rows: '0') (FUNCTION.pwn:975)
[12/10/21 13:54:29] [ERROR] cache_get_value_name: invalid row index '0' (number of rows: '0') (FUNCTION.pwn:975)
[12/10/21 13:54:29] [ERROR] cache_get_value_name_int: invalid row index '0' (number of rows: '0') (FUNCTION.pwn:975)
[12/10/21 13:54:45] [ERROR] cache_get_value_name_int: invalid row index '0' (number of rows: '0') (UCP.pwn:975)
[12/10/21 13:54:50] [ERROR] cache_get_value_name_int: invalid row index '0' (number of rows: '0') (UCP.pwn:975)
[12/10/21 13:55:02] [ERROR] cache_get_value_name: invalid row index '0' (number of rows: '0') (FUNCTION.pwn:975)
[12/10/21 13:55:02] [ERROR] cache_get_value_name: invalid row index '0' (number of rows: '0') (FUNCTION.pwn:975)
[12/10/21 13:55:02] [ERROR] cache_get_value_name: invalid row index '0' (number of rows: '0') (FUNCTION.pwn:975)
[12/10/21 13:55:02] [ERROR] cache_get_value_name_int: invalid row index '0' (number of rows: '0') (FUNCTION.pwn:975)
[12/10/21 13:55:47] [ERROR] cache_get_value_name_int: no active cache (UCP.pwn:975 -> DIALOG.pwn:974)
[12/10/21 13:56:11] [ERROR] cache_get_value_name: invalid row index '0' (number of rows: '0') (FUNCTION.pwn:975)
[12/10/21 13:56:11] [ERROR] cache_get_value_name: invalid row index '0' (number of rows: '0') (FUNCTION.pwn:975)
[12/10/21 13:56:11] [ERROR] cache_get_value_name: invalid row index '0' (number of rows: '0') (FUNCTION.pwn:975)
[12/10/21 13:56:11] [ERROR] cache_get_value_name_int: invalid row index '0' (number of rows: '0') (FUNCTION.pwn:975)
[12/10/21 13:56:23] [ERROR] cache_get_value_name_int: no active cache (UCP.pwn:975 -> DIALOG.pwn:974)
[12/10/21 13:56:27] [ERROR] cache_get_value_name_int: invalid row index '0' (number of rows: '0') (UCP.pwn:975)
[12/10/21 13:57:08] [ERROR] cache_get_value_name_int: invalid row index '0' (number of rows: '0') (UCP.pwn:975)
[12/10/21 13:58:00] [ERROR] cache_get_value_name_int: no active cache (UCP.pwn:975 -> DIALOG.pwn:974)
[12/10/21 13:58:22] [ERROR] cache_get_value_name: invalid row index '0' (number of rows: '0') (FUNCTION.pwn:975)
[12/10/21 13:58:22] [ERROR] cache_get_value_name: invalid row index '0' (number of rows: '0') (FUNCTION.pwn:975)
[12/10/21 13:58:22] [ERROR] cache_get_value_name: invalid row index '0' (number of rows: '0') (FUNCTION.pwn:975)
[12/10/21 13:58:22] [ERROR] cache_get_value_name_int: invalid row index '0' (number of rows: '0') (FUNCTION.pwn:975)
[12/10/21 13:59:42] [ERROR] cache_get_value_name: invalid row index '0' (number of rows: '0') (FUNCTION.pwn:975)
[12/10/21 13:59:42] [ERROR] cache_get_value_name: invalid row index '0' (number of rows: '0') (FUNCTION.pwn:975)
[12/10/21 13:59:42] [ERROR] cache_get_value_name: invalid row index '0' (number of rows: '0') (FUNCTION.pwn:975)
[12/10/21 13:59:42] [ERROR] cache_get_value_name_int: invalid row index '0' (number of rows: '0') (FUNCTION.pwn:975)
[12/10/21 14:01:15] [ERROR] cache_get_value_name_int: no active cache (UCP.pwn:975 -> DIALOG.pwn:974)
[12/10/21 14:02:04] [ERROR] cache_get_value_name_int: no active cache (UCP.pwn:975 -> DIALOG.pwn:974)
[12/10/21 14:02:10] [ERROR] cache_get_value_name: invalid row index '0' (number of rows: '0') (FUNCTION.pwn:975)
[12/10/21 14:02:10] [ERROR] cache_get_value_name: invalid row index '0' (number of rows: '0') (FUNCTION.pwn:975)
[12/10/21 14:02:10] [ERROR] cache_get_value_name: invalid row index '0' (number of rows: '0') (FUNCTION.pwn:975)
[12/10/21 14:02:10] [ERROR] cache_get_value_name_int: invalid row index '0' (number of rows: '0') (FUNCTION.pwn:975)
[12/10/21 14:02:48] [ERROR] cache_get_value_name_int: no active cache (UCP.pwn:975 -> DIALOG.pwn:974)
[12/10/21 14:03:44] [ERROR] cache_get_value_name_int: invalid row index '0' (number of rows: '0') (UCP.pwn:975)
[12/10/21 14:04:40] [ERROR] cache_get_value_name: invalid row index '0' (number of rows: '0') (FUNCTION.pwn:975)
[12/10/21 14:04:40] [ERROR] cache_get_value_name: invalid row index '0' (number of rows: '0') (FUNCTION.pwn:975)
[12/10/21 14:04:40] [ERROR] cache_get_value_name: invalid row index '0' (number of rows: '0') (FUNCTION.pwn:975)
[12/10/21 14:04:40] [ERROR] cache_get_value_name_int: invalid row index '0' (number of rows: '0') (FUNCTION.pwn:975)
[12/10/21 14:04:55] [ERROR] cache_get_value_name_int: invalid row index '0' (number of rows: '0') (UCP.pwn:975)
[12/10/21 14:05:17] [ERROR] cache_get_value_name_int: no active cache (UCP.pwn:975 -> DIALOG.pwn:974)
[12/10/21 14:06:00] [ERROR] cache_get_value_name_int: no active cache (UCP.pwn:975 -> DIALOG.pwn:974)
[12/10/21 14:06:26] [ERROR] cache_get_value_name_int: invalid row index '0' (number of rows: '0') (UCP.pwn:975)
[12/10/21 14:06:27] [ERROR] cache_get_value_name_int: invalid row index '0' (number of rows: '0') (UCP.pwn:975)
[12/10/21 14:07:40] [ERROR] cache_get_value_name_int: invalid row index '0' (number of rows: '0') (UCP.pwn:975)
[12/10/21 14:08:22] [ERROR] cache_get_value_name_int: no active cache (UCP.pwn:975 -> DIALOG.pwn:974)
[12/10/21 14:08:34] [ERROR] cache_get_value_name_int: invalid row index '0' (number of rows: '0') (UCP.pwn:975)
[12/10/21 14:09:02] [ERROR] cache_get_value_name_int: no active cache (UCP.pwn:975 -> DIALOG.pwn:974)
[12/10/21 14:11:38] [ERROR] cache_get_value_name: invalid row index '0' (number of rows: '0') (FUNCTION.pwn:975)
[12/10/21 14:11:38] [ERROR] cache_get_value_name: invalid row index '0' (number of rows: '0') (FUNCTION.pwn:975)
[12/10/21 14:11:38] [ERROR] cache_get_value_name: invalid row index '0' (number of rows: '0') (FUNCTION.pwn:975)
[12/10/21 14:11:38] [ERROR] cache_get_value_name_int: invalid row index '0' (number of rows: '0') (FUNCTION.pwn:975)
[12/10/21 14:11:41] [ERROR] cache_get_value_name_int: invalid row index '0' (number of rows: '0') (UCP.pwn:975)
[12/10/21 14:11:41] [ERROR] cache_get_value_name_int: no active cache (UCP.pwn:975 -> DIALOG.pwn:974)
[12/10/21 14:13:10] [ERROR] cache_get_value_name_int: no active cache (UCP.pwn:975 -> DIALOG.pwn:974)
[12/10/21 14:13:26] [ERROR] cache_get_value_name: invalid row index '0' (number of rows: '0') (FUNCTION.pwn:975)
[12/10/21 14:13:26] [ERROR] cache_get_value_name: invalid row index '0' (number of rows: '0') (FUNCTION.pwn:975)
[12/10/21 14:13:26] [ERROR] cache_get_value_name: invalid row index '0' (number of rows: '0') (FUNCTION.pwn:975)
[12/10/21 14:13:26] [ERROR] cache_get_value_name_int: invalid row index '0' (number of rows: '0') (FUNCTION.pwn:975)
[12/10/21 14:14:13] [ERROR] cache_get_value_name_int: invalid row index '0' (number of rows: '0') (UCP.pwn:975)
[12/10/21 14:14:32] [ERROR] cache_get_value_name_int: invalid row index '0' (number of rows: '0') (UCP.pwn:975)
[12/10/21 14:14:43] [ERROR] cache_get_value_name_int: no active cache (UCP.pwn:975 -> DIALOG.pwn:974)
[12/10/21 14:16:45] [ERROR] cache_get_value_name_int: invalid row index '0' (number of rows: '0') (UCP.pwn:975)
[12/10/21 14:17:19] [ERROR] cache_get_value_name_int: no active cache (UCP.pwn:975 -> DIALOG.pwn:974)
[12/10/21 14:17:20] [ERROR] cache_get_value_name: invalid row index '0' (number of rows: '0') (FUNCTION.pwn:975)
[12/10/21 14:17:20] [ERROR] cache_get_value_name: invalid row index '0' (number of rows: '0') (FUNCTION.pwn:975)
[12/10/21 14:17:20] [ERROR] cache_get_value_name: invalid row index '0' (number of rows: '0') (FUNCTION.pwn:975)
[12/10/21 14:17:20] [ERROR] cache_get_value_name_int: invalid row index '0' (number of rows: '0') (FUNCTION.pwn:975)
[12/10/21 14:17:46] [ERROR] cache_get_value_name_int: no active cache (UCP.pwn:975 -> DIALOG.pwn:974)
[12/10/21 14:18:46] [ERROR] cache_get_value_name_int: no active cache (UCP.pwn:975 -> DIALOG.pwn:974)
[12/10/21 14:19:13] [ERROR] cache_get_value_name_int: invalid row index '0' (number of rows: '0') (UCP.pwn:975)
[12/10/21 14:20:55] [ERROR] cache_get_value_name: invalid row index '0' (number of rows: '0') (FUNCTION.pwn:975)
[12/10/21 14:20:55] [ERROR] cache_get_value_name: invalid row index '0' (number of rows: '0') (FUNCTION.pwn:975)
[12/10/21 14:20:55] [ERROR] cache_get_value_name: invalid row index '0' (number of rows: '0') (FUNCTION.pwn:975)
[12/10/21 14:20:55] [ERROR] cache_get_value_name_int: invalid row index '0' (number of rows: '0') (FUNCTION.pwn:975)
[12/10/21 14:21:18] [ERROR] cache_get_value_name: invalid row index '0' (number of rows: '0') (FUNCTION.pwn:975)
[12/10/21 14:21:18] [ERROR] cache_get_value_name: invalid row index '0' (number of rows: '0') (FUNCTION.pwn:975)
[12/10/21 14:21:18] [ERROR] cache_get_value_name: invalid row index '0' (number of rows: '0') (FUNCTION.pwn:975)
[12/10/21 14:21:18] [ERROR] cache_get_value_name_int: invalid row index '0' (number of rows: '0') (FUNCTION.pwn:975)
[12/10/21 14:21:50] [ERROR] cache_get_value_name_int: no active cache (UCP.pwn:975 -> DIALOG.pwn:974)
[12/10/21 14:21:54] [ERROR] cache_get_value_name: invalid row index '0' (number of rows: '0') (FUNCTION.pwn:975)
[12/10/21 14:21:54] [ERROR] cache_get_value_name: invalid row index '0' (number of rows: '0') (FUNCTION.pwn:975)
[12/10/21 14:21:54] [ERROR] cache_get_value_name: invalid row index '0' (number of rows: '0') (FUNCTION.pwn:975)
[12/10/21 14:21:54] [ERROR] cache_get_value_name_int: invalid row index '0' (number of rows: '0') (FUNCTION.pwn:975)
[12/10/21 14:22:01] [ERROR] cache_get_value_name: invalid row index '0' (number of rows: '0') (FUNCTION.pwn:975)
[12/10/21 14:22:01] [ERROR] cache_get_value_name: invalid row index '0' (number of rows: '0') (FUNCTION.pwn:975)
[12/10/21 14:22:01] [ERROR] cache_get_value_name: invalid row index '0' (number of rows: '0') (FUNCTION.pwn:975)
[12/10/21 14:22:01] [ERROR] cache_get_value_name_int: invalid row index '0' (number of rows: '0') (FUNCTION.pwn:975)
[12/10/21 14:22:08] [ERROR] cache_get_value_name_int: invalid row index '0' (number of rows: '0') (UCP.pwn:975)
[12/10/21 14:23:06] [ERROR] cache_get_value_name_int: invalid row index '0' (number of rows: '0') (UCP.pwn:975)
[12/10/21 14:24:01] [ERROR] cache_get_value_name_int: no active cache (UCP.pwn:975 -> DIALOG.pwn:974)
[12/10/21 14:24:20] [ERROR] cache_get_value_name_int: invalid row index '0' (number of rows: '0') (UCP.pwn:975 -> DIALOG.pwn:974)
[12/10/21 14:24:30] [ERROR] cache_get_value_name_int: invalid row index '0' (number of rows: '0') (UCP.pwn:975)
[12/10/21 14:24:48] [ERROR] cache_get_value_name_int: no active cache (UCP.pwn:975 -> DIALOG.pwn:974)
[12/10/21 14:26:07] [ERROR] cache_get_value_name: invalid row index '0' (number of rows: '0') (FUNCTION.pwn:975)
[12/10/21 14:26:07] [ERROR] cache_get_value_name: invalid row index '0' (number of rows: '0') (FUNCTION.pwn:975)
[12/10/21 14:26:07] [ERROR] cache_get_value_name: invalid row index '0' (number of rows: '0') (FUNCTION.pwn:975)
[12/10/21 14:26:07] [ERROR] cache_get_value_name_int: invalid row index '0' (number of rows: '0') (FUNCTION.pwn:975)
[12/10/21 14:26:29] [ERROR] cache_get_value_name_int: invalid row index '0' (number of rows: '0') (UCP.pwn:975)
[12/10/21 14:27:05] [ERROR] cache_get_value_name: invalid row index '0' (number of rows: '0') (FUNCTION.pwn:975)
[12/10/21 14:27:05] [ERROR] cache_get_value_name: invalid row index '0' (number of rows: '0') (FUNCTION.pwn:975)
[12/10/21 14:27:05] [ERROR] cache_get_value_name: invalid row index '0' (number of rows: '0') (FUNCTION.pwn:975)
[12/10/21 14:27:05] [ERROR] cache_get_value_name_int: invalid row index '0' (number of rows: '0') (FUNCTION.pwn:975)
[12/10/21 14:28:04] [ERROR] cache_get_value_name_int: invalid row index '0' (number of rows: '0') (UCP.pwn:975)
[12/10/21 14:28:34] [ERROR] cache_get_value_name: invalid row index '0' (number of rows: '0') (FUNCTION.pwn:975)
[12/10/21 14:28:34] [ERROR] cache_get_value_name: invalid row index '0' (number of rows: '0') (FUNCTION.pwn:975)
[12/10/21 14:28:34] [ERROR] cache_get_value_name: invalid row index '0' (number of rows: '0') (FUNCTION.pwn:975)
[12/10/21 14:28:34] [ERROR] cache_get_value_name_int: invalid row index '0' (number of rows: '0') (FUNCTION.pwn:975)
[12/10/21 14:28:52] [ERROR] cache_get_value_name: invalid row index '0' (number of rows: '0') (FUNCTION.pwn:975)
[12/10/21 14:28:52] [ERROR] cache_get_value_name: invalid row index '0' (number of rows: '0') (FUNCTION.pwn:975)
[12/10/21 14:28:52] [ERROR] cache_get_value_name: invalid row index '0' (number of rows: '0') (FUNCTION.pwn:975)
[12/10/21 14:28:52] [ERROR] cache_get_value_name_int: invalid row index '0' (number of rows: '0') (FUNCTION.pwn:975)
[12/10/21 14:29:23] [ERROR] cache_get_value_name: invalid row index '0' (number of rows: '0') (FUNCTION.pwn:975)
[12/10/21 14:29:23] [ERROR] cache_get_value_name: invalid row index '0' (number of rows: '0') (FUNCTION.pwn:975)
[12/10/21 14:29:23] [ERROR] cache_get_value_name: invalid row index '0' (number of rows: '0') (FUNCTION.pwn:975)
[12/10/21 14:29:23] [ERROR] cache_get_value_name_int: invalid row index '0' (number of rows: '0') (FUNCTION.pwn:975)
[12/10/21 14:30:25] [ERROR] cache_get_value_name_int: invalid row index '0' (number of rows: '0') (UCP.pwn:975)
[12/10/21 14:30:41] [ERROR] cache_get_value_name: invalid row index '0' (number of rows: '0') (FUNCTION.pwn:975)
[12/10/21 14:30:41] [ERROR] cache_get_value_name: invalid row index '0' (number of rows: '0') (FUNCTION.pwn:975)
[12/10/21 14:30:41] [ERROR] cache_get_value_name: invalid row index '0' (number of rows: '0') (FUNCTION.pwn:975)
[12/10/21 14:30:41] [ERROR] cache_get_value_name_int: invalid row index '0' (number of rows: '0') (FUNCTION.pwn:975)
[12/10/21 14:30:55] [ERROR] cache_get_value_name_int: no active cache (UCP.pwn:975 -> DIALOG.pwn:974)
[12/10/21 14:32:22] [ERROR] cache_get_value_name_int: no active cache (UCP.pwn:975 -> DIALOG.pwn:974)
[12/10/21 14:32:26] [ERROR] cache_get_value_name_int: no active cache (UCP.pwn:975 -> DIALOG.pwn:974)
[12/10/21 14:32:30] [ERROR] cache_get_value_name: invalid row index '0' (number of rows: '0') (FUNCTION.pwn:975)
[12/10/21 14:32:30] [ERROR] cache_get_value_name: invalid row index '0' (number of rows: '0') (FUNCTION.pwn:975)
[12/10/21 14:32:30] [ERROR] cache_get_value_name: invalid row index '0' (number of rows: '0') (FUNCTION.pwn:975)
[12/10/21 14:32:30] [ERROR] cache_get_value_name_int: invalid row index '0' (number of rows: '0') (FUNCTION.pwn:975)
[12/10/21 14:32:44] [ERROR] cache_get_value_name_int: invalid row index '0' (number of rows: '0') (UCP.pwn:975)
[12/10/21 14:34:33] [ERROR] cache_get_value_name_int: invalid row index '0' (number of rows: '0') (UCP.pwn:975)
[12/10/21 14:35:10] [ERROR] cache_get_value_name_int: no active cache (UCP.pwn:975 -> DIALOG.pwn:974)
[12/10/21 14:35:28] [ERROR] cache_get_value_name_int: invalid row index '0' (number of rows: '0') (UCP.pwn:975)
[12/10/21 14:35:43] [ERROR] cache_get_value_name_int: no active cache (UCP.pwn:975 -> DIALOG.pwn:974)
[12/10/21 14:35:44] [ERROR] cache_get_value_name_int: invalid row index '0' (number of rows: '0') (UCP.pwn:975)
[12/10/21 14:35:49] [ERROR] cache_get_value_name_int: invalid row index '0' (number of rows: '0') (UCP.pwn:975)
[12/10/21 14:36:20] [ERROR] cache_get_value_name_int: no active cache (UCP.pwn:975 -> DIALOG.pwn:974)
[12/10/21 14:37:11] [ERROR] cache_get_value_name_int: invalid row index '0' (number of rows: '0') (UCP.pwn:975)
[12/10/21 14:38:07] [ERROR] cache_get_value_name_int: no active cache (UCP.pwn:975 -> DIALOG.pwn:974)
[12/10/21 14:38:09] [ERROR] cache_get_value_name_int: invalid row index '0' (number of rows: '0') (UCP.pwn:975)
[12/10/21 14:38:59] [ERROR] cache_get_value_name: invalid row index '0' (number of rows: '0') (FUNCTION.pwn:975)
[12/10/21 14:38:59] [ERROR] cache_get_value_name: invalid row index '0' (number of rows: '0') (FUNCTION.pwn:975)
[12/10/21 14:38:59] [ERROR] cache_get_value_name: invalid row index '0' (number of rows: '0') (FUNCTION.pwn:975)
[12/10/21 14:38:59] [ERROR] cache_get_value_name_int: invalid row index '0' (number of rows: '0') (FUNCTION.pwn:975)
[12/10/21 14:39:20] [ERROR] cache_get_value_name_int: no active cache (UCP.pwn:975 -> DIALOG.pwn:974)
[12/10/21 14:39:33] [ERROR] cache_get_value_name_int: invalid row index '0' (number of rows: '0') (UCP.pwn:975)
[12/10/21 14:39:40] [ERROR] cache_get_value_name: invalid row index '0' (number of rows: '0') (FUNCTION.pwn:975)
[12/10/21 14:39:40] [ERROR] cache_get_value_name: invalid row index '0' (number of rows: '0') (FUNCTION.pwn:975)
[12/10/21 14:39:40] [ERROR] cache_get_value_name: invalid row index '0' (number of rows: '0') (FUNCTION.pwn:975)
[12/10/21 14:39:40] [ERROR] cache_get_value_name_int: invalid row index '0' (number of rows: '0') (FUNCTION.pwn:975)
[12/10/21 14:39:57] [ERROR] cache_get_value_name_int: no active cache (UCP.pwn:975 -> DIALOG.pwn:974)
[12/10/21 14:40:05] [ERROR] cache_get_value_name_int: invalid row index '0' (number of rows: '0') (UCP.pwn:975 -> DIALOG.pwn:974)
[12/10/21 14:40:06] [ERROR] cache_get_value_name_int: invalid row index '0' (number of rows: '0') (UCP.pwn:975)
[12/10/21 14:40:07] [ERROR] cache_get_value_name_int: invalid row index '0' (number of rows: '0') (UCP.pwn:975)
[12/10/21 14:40:38] [ERROR] cache_get_value_name_int: invalid row index '0' (number of rows: '0') (UCP.pwn:975)
[12/10/21 14:41:02] [ERROR] cache_get_value_name_int: invalid row index '0' (number of rows: '0') (UCP.pwn:975)
[12/10/21 14:41:08] [ERROR] cache_get_value_name_int: no active cache (UCP.pwn:975 -> DIALOG.pwn:974)
[12/10/21 14:41:10] [ERROR] cache_get_value_name_int: no active cache (UCP.pwn:975 -> DIALOG.pwn:974)
[12/10/21 14:41:24] [ERROR] cache_get_value_name: invalid row index '0' (number of rows: '0') (FUNCTION.pwn:975)
[12/10/21 14:41:24] [ERROR] cache_get_value_name: invalid row index '0' (number of rows: '0') (FUNCTION.pwn:975)
[12/10/21 14:41:24] [ERROR] cache_get_value_name: invalid row index '0' (number of rows: '0') (FUNCTION.pwn:975)
[12/10/21 14:41:24] [ERROR] cache_get_value_name_int: invalid row index '0' (number of rows: '0') (FUNCTION.pwn:975)
[12/10/21 14:41:29] [ERROR] cache_get_value_name_int: invalid row index '0' (number of rows: '0') (UCP.pwn:975)
[12/10/21 14:41:33] [ERROR] cache_get_value_name_int: invalid row index '0' (number of rows: '0') (UCP.pwn:975)
[12/10/21 14:41:36] [ERROR] cache_get_value_name_int: invalid row index '0' (number of rows: '0') (UCP.pwn:975)
[12/10/21 14:41:38] [ERROR] cache_get_value_name_int: no active cache (UCP.pwn:975 -> DIALOG.pwn:974)
[12/10/21 14:41:52] [ERROR] cache_get_value_name_int: no active cache (UCP.pwn:975 -> DIALOG.pwn:974)
[12/10/21 14:42:50] [ERROR] cache_get_value_name_int: invalid row index '0' (number of rows: '0') (UCP.pwn:975)
[12/10/21 14:42:55] [ERROR] cache_get_value_name_int: invalid row index '0' (number of rows: '0') (UCP.pwn:975)
[12/10/21 14:43:16] [ERROR] cache_get_value_name_int: invalid row index '0' (number of rows: '0') (UCP.pwn:975)
[12/10/21 14:43:19] [ERROR] cache_get_value_name_int: invalid row index '0' (number of rows: '0') (UCP.pwn:975)
[12/10/21 14:43:24] [ERROR] cache_get_value_name_int: no active cache (UCP.pwn:975 -> DIALOG.pwn:974)
[12/10/21 14:43:25] [ERROR] cache_get_value_name_int: no active cache (UCP.pwn:975 -> DIALOG.pwn:974)
[12/10/21 14:43:38] [ERROR] cache_get_value_name_int: no active cache (UCP.pwn:975 -> DIALOG.pwn:974)
[12/10/21 14:44:07] [ERROR] cache_get_value_name_int: invalid row index '0' (number of rows: '0') (UCP.pwn:975)
[12/10/21 14:44:10] [ERROR] cache_get_value_name_int: invalid row index '0' (number of rows: '0') (UCP.pwn:975)
[12/10/21 14:44:37] [ERROR] cache_get_value_name_int: invalid row index '0' (number of rows: '0') (UCP.pwn:975)
[12/10/21 14:44:39] [ERROR] cache_get_value_name: invalid row index '0' (number of rows: '0') (FUNCTION.pwn:975)
[12/10/21 14:44:39] [ERROR] cache_get_value_name: invalid row index '0' (number of rows: '0') (FUNCTION.pwn:975)
[12/10/21 14:44:39] [ERROR] cache_get_value_name: invalid row index '0' (number of rows: '0') (FUNCTION.pwn:975)
[12/10/21 14:44:39] [ERROR] cache_get_value_name_int: invalid row index '0' (number of rows: '0') (FUNCTION.pwn:975)
[12/10/21 14:44:57] [ERROR] cache_get_value_name: invalid row index '0' (number of rows: '0') (FUNCTION.pwn:975)
[12/10/21 14:44:57] [ERROR] cache_get_value_name: invalid row index '0' (number of rows: '0') (FUNCTION.pwn:975)
[12/10/21 14:44:57] [ERROR] cache_get_value_name: invalid row index '0' (number of rows: '0') (FUNCTION.pwn:975)
[12/10/21 14:44:57] [ERROR] cache_get_value_name_int: invalid row index '0' (number of rows: '0') (FUNCTION.pwn:975)
[12/10/21 14:45:37] [ERROR] cache_get_value_name_int: no active cache (UCP.pwn:975 -> DIALOG.pwn:974)
[12/10/21 14:45:49] [ERROR] cache_get_value_name: invalid row index '0' (number of rows: '0') (FUNCTION.pwn:975)
[12/10/21 14:45:49] [ERROR] cache_get_value_name: invalid row index '0' (number of rows: '0') (FUNCTION.pwn:975)
[12/10/21 14:45:49] [ERROR] cache_get_value_name: invalid row index '0' (number of rows: '0') (FUNCTION.pwn:975)
[12/10/21 14:45:49] [ERROR] cache_get_value_name_int: invalid row index '0' (number of rows: '0') (FUNCTION.pwn:975)
[12/10/21 14:45:58] [ERROR] cache_get_value_name_int: no active cache (UCP.pwn:975 -> DIALOG.pwn:974)
[12/10/21 14:45:58] [ERROR] cache_get_value_name_int: no active cache (UCP.pwn:975 -> DIALOG.pwn:974)
[12/10/21 14:46:03] [ERROR] cache_get_value_name_int: invalid row index '0' (number of rows: '0') (UCP.pwn:975)
[12/10/21 14:46:11] [ERROR] cache_get_value_name_int: invalid row index '0' (number of rows: '0') (UCP.pwn:975)
[12/10/21 14:46:42] [ERROR] cache_get_value_name: invalid row index '0' (number of rows: '0') (FUNCTION.pwn:975)
[12/10/21 14:46:42] [ERROR] cache_get_value_name: invalid row index '0' (number of rows: '0') (FUNCTION.pwn:975)
[12/10/21 14:46:42] [ERROR] cache_get_value_name: invalid row index '0' (number of rows: '0') (FUNCTION.pwn:975)
[12/10/21 14:46:42] [ERROR] cache_get_value_name_int: invalid row index '0' (number of rows: '0') (FUNCTION.pwn:975)
[12/10/21 14:47:01] [ERROR] cache_get_value_name_int: invalid row index '0' (number of rows: '0') (UCP.pwn:975)
[12/10/21 14:47:20] [ERROR] cache_get_value_name_int: invalid row index '0' (number of rows: '0') (UCP.pwn:975 -> DIALOG.pwn:974)
[12/10/21 14:47:29] [ERROR] cache_get_value_name_int: no active cache (UCP.pwn:975 -> DIALOG.pwn:974)
[12/10/21 14:47:47] [ERROR] cache_get_value_name_int: invalid row index '0' (number of rows: '0') (UCP.pwn:975)
[12/10/21 14:48:50] [ERROR] cache_get_value_name_int: no active cache (UCP.pwn:975 -> DIALOG.pwn:974)
[12/10/21 14:49:16] [ERROR] cache_get_value_name_int: invalid row index '0' (number of rows: '0') (UCP.pwn:975)
[12/10/21 14:49:38] [ERROR] cache_get_value_name_int: invalid row index '0' (number of rows: '0') (UCP.pwn:975)
[12/10/21 14:49:45] [ERROR] cache_get_value_name_int: field 'extrac' not found (UCP.pwn:975 -> DIALOG.pwn:974)
[12/10/21 14:49:46] [ERROR] cache_get_value_name_int: no active cache (UCP.pwn:975 -> DIALOG.pwn:974)
[12/10/21 14:50:07] [ERROR] cache_get_value_name_int: invalid row index '0' (number of rows: '0') (UCP.pwn:975)
[12/10/21 14:52:08] [ERROR] cache_get_value_name_int: field 'extrac' not found (UCP.pwn:975 -> DIALOG.pwn:974)
[12/10/21 14:52:30] [ERROR] cache_get_value_name_int: field 'extrac' not found (UCP.pwn:975 -> DIALOG.pwn:974)
[12/10/21 14:52:38] [ERROR] cache_get_value_name_int: field 'extrac' not found (UCP.pwn:975 -> DIALOG.pwn:974)
[12/10/21 14:52:54] [ERROR] cache_get_value_name: invalid row index '0' (number of rows: '0') (FUNCTION.pwn:975)
[12/10/21 14:52:54] [ERROR] cache_get_value_name: invalid row index '0' (number of rows: '0') (FUNCTION.pwn:975)
[12/10/21 14:52:54] [ERROR] cache_get_value_name: invalid row index '0' (number of rows: '0') (FUNCTION.pwn:975)
[12/10/21 14:52:54] [ERROR] cache_get_value_name_int: invalid row index '0' (number of rows: '0') (FUNCTION.pwn:975)
[12/10/21 14:54:03] [ERROR] cache_get_value_name_int: invalid row index '0' (number of rows: '0') (UCP.pwn:975)
[12/10/21 14:54:16] [ERROR] cache_get_value_name_int: invalid row index '0' (number of rows: '0') (UCP.pwn:975)
[12/10/21 14:54:21] [ERROR] cache_get_value_name_int: invalid row index '0' (number of rows: '0') (UCP.pwn:975)
[12/10/21 14:55:14] [ERROR] cache_get_value_name_int: invalid row index '0' (number of rows: '0') (UCP.pwn:975)
[12/10/21 14:56:07] [ERROR] cache_get_value_name_int: invalid row index '0' (number of rows: '0') (UCP.pwn:975 -> DIALOG.pwn:974)
[12/10/21 14:56:47] [ERROR] cache_get_value_name_int: no active cache (UCP.pwn:975 -> DIALOG.pwn:974)
[12/10/21 14:56:58] [ERROR] cache_get_value_name_int: no active cache (UCP.pwn:975 -> DIALOG.pwn:974)
[12/10/21 14:57:12] [ERROR] cache_get_value_name_int: invalid row index '0' (number of rows: '0') (UCP.pwn:975 -> DIALOG.pwn:974)
[12/10/21 14:57:26] [ERROR] cache_get_value_name: invalid row index '0' (number of rows: '0') (FUNCTION.pwn:975)
[12/10/21 14:57:26] [ERROR] cache_get_value_name: invalid row index '0' (number of rows: '0') (FUNCTION.pwn:975)
[12/10/21 14:57:26] [ERROR] cache_get_value_name: invalid row index '0' (number of rows: '0') (FUNCTION.pwn:975)
[12/10/21 14:57:26] [ERROR] cache_get_value_name_int: invalid row index '0' (number of rows: '0') (FUNCTION.pwn:975)
[12/10/21 14:57:27] [ERROR] cache_get_value_name_int: invalid row index '0' (number of rows: '0') (UCP.pwn:975)
[12/10/21 14:57:32] [ERROR] cache_get_value_name_int: no active cache (UCP.pwn:975 -> DIALOG.pwn:974)
[12/10/21 14:57:35] [ERROR] cache_get_value_name_int: no active cache (UCP.pwn:975 -> DIALOG.pwn:974)
[12/10/21 14:58:22] [ERROR] cache_get_value_name_int: invalid row index '0' (number of rows: '0') (UCP.pwn:975 -> DIALOG.pwn:974)
[12/10/21 14:58:41] [ERROR] cache_get_value_name_int: no active cache (UCP.pwn:975 -> DIALOG.pwn:974)
[12/10/21 14:58:47] [ERROR] cache_get_value_name_int: no active cache (UCP.pwn:975 -> DIALOG.pwn:974)
[12/10/21 14:59:00] [ERROR] cache_get_value_name_int: invalid row index '0' (number of rows: '0') (UCP.pwn:975)
[12/10/21 14:59:22] [ERROR] cache_get_value_name_int: invalid row index '0' (number of rows: '0') (UCP.pwn:975)
[12/10/21 14:59:40] [ERROR] cache_get_value_name_int: no active cache (UCP.pwn:975 -> DIALOG.pwn:974)
[12/10/21 15:01:25] [ERROR] cache_get_value_name_int: invalid row index '0' (number of rows: '0') (UCP.pwn:975)
[12/10/21 15:01:35] [ERROR] cache_get_value_name_int: invalid row index '0' (number of rows: '0') (UCP.pwn:975 -> DIALOG.pwn:974)
[12/10/21 15:01:39] [ERROR] cache_get_value_name_int: no active cache (UCP.pwn:975 -> DIALOG.pwn:974)
[12/10/21 15:02:11] [ERROR] cache_get_value_name: invalid row index '0' (number of rows: '0') (FUNCTION.pwn:975)
[12/10/21 15:02:11] [ERROR] cache_get_value_name: invalid row index '0' (number of rows: '0') (FUNCTION.pwn:975)
[12/10/21 15:02:11] [ERROR] cache_get_value_name: invalid row index '0' (number of rows: '0') (FUNCTION.pwn:975)
[12/10/21 15:02:11] [ERROR] cache_get_value_name_int: invalid row index '0' (number of rows: '0') (FUNCTION.pwn:975)
[12/10/21 15:03:35] [ERROR] cache_get_value_name_int: invalid row index '0' (number of rows: '0') (UCP.pwn:975)
[12/10/21 15:03:38] [ERROR] cache_get_value_name: invalid row index '0' (number of rows: '0') (FUNCTION.pwn:975)
[12/10/21 15:03:38] [ERROR] cache_get_value_name: invalid row index '0' (number of rows: '0') (FUNCTION.pwn:975)
[12/10/21 15:03:38] [ERROR] cache_get_value_name: invalid row index '0' (number of rows: '0') (FUNCTION.pwn:975)
[12/10/21 15:03:38] [ERROR] cache_get_value_name_int: invalid row index '0' (number of rows: '0') (FUNCTION.pwn:975)
[12/10/21 15:04:33] [ERROR] cache_get_value_name_int: no active cache (UCP.pwn:975 -> DIALOG.pwn:974)
[12/10/21 15:04:42] [ERROR] cache_get_value_name_int: no active cache (UCP.pwn:975 -> DIALOG.pwn:974)
[12/10/21 15:04:48] [ERROR] cache_get_value_name_int: field 'extrac' not found (UCP.pwn:975 -> DIALOG.pwn:974)
[12/10/21 15:04:50] [ERROR] cache_get_value_name_int: no active cache (UCP.pwn:975 -> DIALOG.pwn:974)
[12/10/21 15:05:22] [ERROR] cache_get_value_name_int: invalid row index '0' (number of rows: '0') (UCP.pwn:975)
[12/10/21 15:05:56] [ERROR] cache_get_value_name_int: no active cache (UCP.pwn:975 -> DIALOG.pwn:974)
[12/10/21 15:06:24] [ERROR] cache_get_value_name_int: invalid row index '0' (number of rows: '0') (UCP.pwn:975)
[12/10/21 15:07:48] [ERROR] cache_get_value_name_int: no active cache (UCP.pwn:975 -> DIALOG.pwn:974)
[12/10/21 15:08:19] [ERROR] cache_get_value_name_int: invalid row index '0' (number of rows: '0') (UCP.pwn:975)
[12/10/21 15:10:13] [ERROR] cache_get_value_name_int: no active cache (UCP.pwn:975 -> DIALOG.pwn:974)
[12/10/21 15:10:17] [ERROR] cache_get_value_name_int: no active cache (UCP.pwn:975 -> DIALOG.pwn:974)
[12/10/21 15:10:26] [ERROR] cache_get_value_name_int: no active cache (UCP.pwn:975 -> DIALOG.pwn:974)
[12/10/21 15:10:29] [ERROR] cache_get_value_name_int: invalid row index '0' (number of rows: '0') (UCP.pwn:975)
[12/10/21 15:11:10] [ERROR] cache_get_value_name_int: invalid row index '0' (number of rows: '0') (UCP.pwn:975)
[12/10/21 15:11:46] [ERROR] cache_get_value_name: invalid row index '0' (number of rows: '0') (FUNCTION.pwn:975)
[12/10/21 15:11:46] [ERROR] cache_get_value_name: invalid row index '0' (number of rows: '0') (FUNCTION.pwn:975)
[12/10/21 15:11:46] [ERROR] cache_get_value_name: invalid row index '0' (number of rows: '0') (FUNCTION.pwn:975)
[12/10/21 15:11:46] [ERROR] cache_get_value_name_int: invalid row index '0' (number of rows: '0') (FUNCTION.pwn:975)
[12/10/21 15:12:14] [ERROR] cache_get_value_name_int: invalid row index '0' (number of rows: '0') (UCP.pwn:975)
[12/10/21 15:13:35] [ERROR] cache_get_value_name_int: no active cache (UCP.pwn:975 -> DIALOG.pwn:974)
[12/10/21 15:13:36] [ERROR] cache_get_value_name_int: invalid row index '0' (number of rows: '0') (UCP.pwn:975)
[12/10/21 15:13:39] [ERROR] cache_get_value_name_int: no active cache (UCP.pwn:975 -> DIALOG.pwn:974)
[12/10/21 15:14:03] [ERROR] cache_get_value_name_int: invalid row index '0' (number of rows: '0') (UCP.pwn:975)
[12/10/21 15:15:30] [ERROR] cache_get_value_name: invalid row index '0' (number of rows: '0') (FUNCTION.pwn:975)
[12/10/21 15:15:30] [ERROR] cache_get_value_name: invalid row index '0' (number of rows: '0') (FUNCTION.pwn:975)
[12/10/21 15:15:30] [ERROR] cache_get_value_name: invalid row index '0' (number of rows: '0') (FUNCTION.pwn:975)
[12/10/21 15:15:30] [ERROR] cache_get_value_name_int: invalid row index '0' (number of rows: '0') (FUNCTION.pwn:975)
[12/10/21 15:17:06] [ERROR] cache_get_value_name_int: invalid row index '0' (number of rows: '0') (UCP.pwn:975)
[12/10/21 15:17:15] [ERROR] cache_get_value_name_int: invalid row index '0' (number of rows: '0') (UCP.pwn:975)
[12/10/21 15:18:20] [ERROR] cache_get_value_name_int: no active cache (UCP.pwn:975 -> DIALOG.pwn:974)
[12/10/21 15:19:22] [ERROR] cache_get_value_name_int: invalid row index '0' (number of rows: '0') (UCP.pwn:975)
[12/10/21 15:20:42] [ERROR] cache_get_value_name: invalid row index '0' (number of rows: '0') (FUNCTION.pwn:975)
[12/10/21 15:20:42] [ERROR] cache_get_value_name: invalid row index '0' (number of rows: '0') (FUNCTION.pwn:975)
[12/10/21 15:20:42] [ERROR] cache_get_value_name: invalid row index '0' (number of rows: '0') (FUNCTION.pwn:975)
[12/10/21 15:20:42] [ERROR] cache_get_value_name_int: invalid row index '0' (number of rows: '0') (FUNCTION.pwn:975)
[12/10/21 15:20:50] [ERROR] cache_get_value_name_int: invalid row index '0' (number of rows: '0') (UCP.pwn:975)
[12/10/21 15:21:20] [ERROR] cache_get_value_name_int: invalid row index '0' (number of rows: '0') (UCP.pwn:975)
[12/10/21 15:22:12] [ERROR] cache_get_value_name_int: invalid row index '0' (number of rows: '0') (UCP.pwn:975)
[12/10/21 15:22:41] [ERROR] cache_get_value_name_int: invalid row index '0' (number of rows: '0') (UCP.pwn:975)
[12/10/21 15:23:09] [ERROR] cache_get_value_name_int: invalid row index '0' (number of rows: '0') (UCP.pwn:975)
[12/10/21 15:23:15] [ERROR] cache_get_value_name_int: invalid row index '0' (number of rows: '0') (UCP.pwn:975)
[12/10/21 15:23:57] [ERROR] cache_get_value_name_int: no active cache (UCP.pwn:975 -> DIALOG.pwn:974)
[12/10/21 15:23:58] [ERROR] cache_get_value_name_int: no active cache (UCP.pwn:975 -> DIALOG.pwn:974)
[12/10/21 15:23:58] [ERROR] cache_get_value_name: invalid row index '0' (number of rows: '0') (FUNCTION.pwn:975)
[12/10/21 15:23:58] [ERROR] cache_get_value_name: invalid row index '0' (number of rows: '0') (FUNCTION.pwn:975)
[12/10/21 15:23:58] [ERROR] cache_get_value_name: invalid row index '0' (number of rows: '0') (FUNCTION.pwn:975)
[12/10/21 15:23:58] [ERROR] cache_get_value_name_int: invalid row index '0' (number of rows: '0') (FUNCTION.pwn:975)
[12/10/21 15:24:11] [ERROR] cache_get_value_name_int: invalid row index '0' (number of rows: '0') (UCP.pwn:975)
[12/10/21 15:25:01] [ERROR] cache_get_value_name_int: invalid row index '0' (number of rows: '0') (UCP.pwn:975)
[12/10/21 15:25:07] [ERROR] cache_get_value_name: invalid row index '0' (number of rows: '0') (FUNCTION.pwn:975)
[12/10/21 15:25:07] [ERROR] cache_get_value_name: invalid row index '0' (number of rows: '0') (FUNCTION.pwn:975)
[12/10/21 15:25:07] [ERROR] cache_get_value_name: invalid row index '0' (number of rows: '0') (FUNCTION.pwn:975)
[12/10/21 15:25:07] [ERROR] cache_get_value_name_int: invalid row index '0' (number of rows: '0') (FUNCTION.pwn:975)
[12/10/21 15:25:14] [ERROR] cache_get_value_name_int: no active cache (UCP.pwn:975 -> DIALOG.pwn:974)
[12/10/21 15:25:34] [ERROR] cache_get_value_name_int: invalid row index '0' (number of rows: '0') (UCP.pwn:975)
[12/10/21 15:25:46] [ERROR] cache_get_value_name: invalid row index '0' (number of rows: '0') (FUNCTION.pwn:975)
[12/10/21 15:25:46] [ERROR] cache_get_value_name: invalid row index '0' (number of rows: '0') (FUNCTION.pwn:975)
[12/10/21 15:25:46] [ERROR] cache_get_value_name: invalid row index '0' (number of rows: '0') (FUNCTION.pwn:975)
[12/10/21 15:25:46] [ERROR] cache_get_value_name_int: invalid row index '0' (number of rows: '0') (FUNCTION.pwn:975)
[12/10/21 15:25:57] [ERROR] cache_get_value_name_int: no active cache (UCP.pwn:975 -> DIALOG.pwn:974)
[12/10/21 15:26:04] [ERROR] cache_get_value_name_int: no active cache (UCP.pwn:975 -> DIALOG.pwn:974)
[12/10/21 15:27:05] [ERROR] cache_get_value_name_int: invalid row index '0' (number of rows: '0') (UCP.pwn:975)
[12/10/21 15:28:43] [ERROR] cache_get_value_name_int: no active cache (UCP.pwn:975 -> DIALOG.pwn:974)
[12/10/21 15:28:49] [ERROR] cache_get_value_name: invalid row index '0' (number of rows: '0') (FUNCTION.pwn:975)
[12/10/21 15:28:49] [ERROR] cache_get_value_name: invalid row index '0' (number of rows: '0') (FUNCTION.pwn:975)
[12/10/21 15:28:49] [ERROR] cache_get_value_name: invalid row index '0' (number of rows: '0') (FUNCTION.pwn:975)
[12/10/21 15:28:49] [ERROR] cache_get_value_name_int: invalid row index '0' (number of rows: '0') (FUNCTION.pwn:975)
[12/10/21 15:28:53] [ERROR] cache_get_value_name_int: no active cache (UCP.pwn:975 -> DIALOG.pwn:974)
[12/10/21 15:29:03] [ERROR] cache_get_value_name_int: invalid row index '0' (number of rows: '0') (UCP.pwn:975)
[12/10/21 15:29:20] [ERROR] cache_get_value_name_int: invalid row index '0' (number of rows: '0') (UCP.pwn:975 -> DIALOG.pwn:974)
[12/10/21 15:29:33] [ERROR] cache_get_value_name_int: field 'extrac' not found (UCP.pwn:975 -> DIALOG.pwn:974)
[12/10/21 15:29:41] [ERROR] cache_get_value_name_int: invalid row index '0' (number of rows: '0') (UCP.pwn:975)
[12/10/21 15:30:37] [ERROR] cache_get_value_name_int: no active cache (UCP.pwn:975 -> DIALOG.pwn:974)
[12/10/21 15:31:08] [ERROR] cache_get_value_name_int: no active cache (UCP.pwn:975 -> DIALOG.pwn:974)
[12/10/21 15:31:16] [ERROR] cache_get_value_name_int: no active cache (UCP.pwn:975 -> DIALOG.pwn:974)
[12/10/21 15:31:21] [ERROR] cache_get_value_name: invalid row index '0' (number of rows: '0') (FUNCTION.pwn:975)
[12/10/21 15:31:21] [ERROR] cache_get_value_name: invalid row index '0' (number of rows: '0') (FUNCTION.pwn:975)
[12/10/21 15:31:21] [ERROR] cache_get_value_name: invalid row index '0' (number of rows: '0') (FUNCTION.pwn:975)
[12/10/21 15:31:21] [ERROR] cache_get_value_name_int: invalid row index '0' (number of rows: '0') (FUNCTION.pwn:975)
[12/10/21 15:32:13] [ERROR] cache_get_value_name_int: no active cache (UCP.pwn:975 -> DIALOG.pwn:974)
[12/10/21 15:32:19] [ERROR] cache_get_value_name_int: invalid row index '0' (number of rows: '0') (UCP.pwn:975)
[12/10/21 15:32:24] [ERROR] cache_get_value_name_int: invalid row index '0' (number of rows: '0') (UCP.pwn:975)
[12/10/21 15:32:26] [ERROR] cache_get_value_name_int: invalid row index '0' (number of rows: '0') (UCP.pwn:975)
[12/10/21 15:33:30] [ERROR] cache_get_value_name_int: field 'extrac' not found (UCP.pwn:975 -> DIALOG.pwn:974)
[12/10/21 15:33:45] [ERROR] cache_get_value_name_int: no active cache (UCP.pwn:975 -> DIALOG.pwn:974)
[12/10/21 15:33:48] [ERROR] cache_get_value_name_int: invalid row index '0' (number of rows: '0') (UCP.pwn:975)
[12/10/21 15:35:27] [ERROR] cache_get_value_name_int: no active cache (UCP.pwn:975 -> DIALOG.pwn:974)
[12/10/21 15:35:32] [ERROR] cache_get_value_name: invalid row index '0' (number of rows: '0') (FUNCTION.pwn:975)
[12/10/21 15:35:32] [ERROR] cache_get_value_name: invalid row index '0' (number of rows: '0') (FUNCTION.pwn:975)
[12/10/21 15:35:32] [ERROR] cache_get_value_name: invalid row index '0' (number of rows: '0') (FUNCTION.pwn:975)
[12/10/21 15:35:32] [ERROR] cache_get_value_name_int: invalid row index '0' (number of rows: '0') (FUNCTION.pwn:975)
[12/10/21 15:35:32] [ERROR] cache_get_value_name_int: invalid row index '0' (number of rows: '0') (UCP.pwn:975)
[12/10/21 15:35:35] [ERROR] cache_get_value_name_int: no active cache (UCP.pwn:975 -> DIALOG.pwn:974)
[12/10/21 15:36:19] [ERROR] cache_get_value_name_int: no active cache (UCP.pwn:975 -> DIALOG.pwn:974)
[12/10/21 15:36:29] [ERROR] cache_get_value_name_int: no active cache (UCP.pwn:975 -> DIALOG.pwn:974)
[12/10/21 15:37:23] [ERROR] cache_get_value_name_int: invalid row index '0' (number of rows: '0') (UCP.pwn:975)
[12/10/21 15:37:32] [ERROR] cache_get_value_name_int: invalid row index '0' (number of rows: '0') (UCP.pwn:975 -> DIALOG.pwn:974)
[12/10/21 15:37:45] [ERROR] cache_get_value_name_int: no active cache (UCP.pwn:975 -> DIALOG.pwn:974)
[12/10/21 15:38:12] [ERROR] cache_get_value_name_int: no active cache (UCP.pwn:975 -> DIALOG.pwn:974)
[12/10/21 15:38:22] [ERROR] cache_get_value_name_int: invalid row index '0' (number of rows: '0') (UCP.pwn:975)
[12/10/21 15:38:51] [ERROR] cache_get_value_name_int: invalid row index '0' (number of rows: '0') (UCP.pwn:975)
[12/10/21 15:38:57] [ERROR] cache_get_value_name_int: invalid row index '0' (number of rows: '0') (UCP.pwn:975)
[12/10/21 15:39:13] [ERROR] cache_get_value_name_int: invalid row index '0' (number of rows: '0') (UCP.pwn:975)
[12/10/21 15:39:33] [ERROR] cache_get_value_name_int: invalid row index '0' (number of rows: '0') (UCP.pwn:975 -> DIALOG.pwn:974)
[12/10/21 15:39:58] [ERROR] cache_get_value_name_int: no active cache (UCP.pwn:975 -> DIALOG.pwn:974)
[12/10/21 15:40:56] [ERROR] cache_get_value_name: invalid row index '0' (number of rows: '0') (FUNCTION.pwn:975)
[12/10/21 15:40:56] [ERROR] cache_get_value_name: invalid row index '0' (number of rows: '0') (FUNCTION.pwn:975)
[12/10/21 15:40:56] [ERROR] cache_get_value_name: invalid row index '0' (number of rows: '0') (FUNCTION.pwn:975)
[12/10/21 15:40:56] [ERROR] cache_get_value_name_int: invalid row index '0' (number of rows: '0') (FUNCTION.pwn:975)
[12/10/21 15:41:05] [ERROR] cache_get_value_name_int: invalid row index '0' (number of rows: '0') (UCP.pwn:975)
[12/10/21 15:41:10] [ERROR] cache_get_value_name_int: no active cache (UCP.pwn:975 -> DIALOG.pwn:974)
[12/10/21 15:42:36] [ERROR] cache_get_value_name_int: no active cache (UCP.pwn:975 -> DIALOG.pwn:974)
[12/10/21 15:42:49] [ERROR] cache_get_value_name: invalid row index '0' (number of rows: '0') (FUNCTION.pwn:975)
[12/10/21 15:42:49] [ERROR] cache_get_value_name: invalid row index '0' (number of rows: '0') (FUNCTION.pwn:975)
[12/10/21 15:42:49] [ERROR] cache_get_value_name: invalid row index '0' (number of rows: '0') (FUNCTION.pwn:975)
[12/10/21 15:42:49] [ERROR] cache_get_value_name_int: invalid row index '0' (number of rows: '0') (FUNCTION.pwn:975)
[12/10/21 15:42:54] [ERROR] cache_get_value_name_int: invalid row index '0' (number of rows: '0') (UCP.pwn:975 -> DIALOG.pwn:974)
[12/10/21 15:43:01] [ERROR] cache_get_value_name_int: invalid row index '0' (number of rows: '0') (UCP.pwn:975)
[12/10/21 15:43:44] [ERROR] cache_get_value_name_int: field 'extrac' not found (UCP.pwn:975 -> DIALOG.pwn:974)
[12/10/21 15:44:44] [ERROR] cache_get_value_name_int: invalid row index '0' (number of rows: '0') (UCP.pwn:975 -> DIALOG.pwn:974)
[12/10/21 15:45:04] [ERROR] cache_get_value_name_int: invalid row index '0' (number of rows: '0') (UCP.pwn:975 -> DIALOG.pwn:974)
[12/10/21 15:45:30] [ERROR] cache_get_value_name_int: invalid row index '0' (number of rows: '0') (UCP.pwn:975)
[12/10/21 15:46:07] [ERROR] cache_get_value_name: invalid row index '0' (number of rows: '0') (FUNCTION.pwn:975)
[12/10/21 15:46:07] [ERROR] cache_get_value_name: invalid row index '0' (number of rows: '0') (FUNCTION.pwn:975)
[12/10/21 15:46:07] [ERROR] cache_get_value_name: invalid row index '0' (number of rows: '0') (FUNCTION.pwn:975)
[12/10/21 15:46:07] [ERROR] cache_get_value_name_int: invalid row index '0' (number of rows: '0') (FUNCTION.pwn:975)
[12/10/21 15:46:35] [ERROR] cache_get_value_name_int: invalid row index '0' (number of rows: '0') (UCP.pwn:975)
[12/10/21 15:46:51] [ERROR] cache_get_value_name_int: invalid row index '0' (number of rows: '0') (UCP.pwn:975)
[12/10/21 15:46:55] [ERROR] cache_get_value_name: invalid row index '0' (number of rows: '0') (FUNCTION.pwn:975)
[12/10/21 15:46:55] [ERROR] cache_get_value_name: invalid row index '0' (number of rows: '0') (FUNCTION.pwn:975)
[12/10/21 15:46:55] [ERROR] cache_get_value_name: invalid row index '0' (number of rows: '0') (FUNCTION.pwn:975)
[12/10/21 15:46:55] [ERROR] cache_get_value_name_int: invalid row index '0' (number of rows: '0') (FUNCTION.pwn:975)
[12/10/21 15:46:59] [ERROR] cache_get_value_name_int: invalid row index '0' (number of rows: '0') (UCP.pwn:975 -> DIALOG.pwn:974)
[12/10/21 15:47:33] [ERROR] cache_get_value_name_int: invalid row index '0' (number of rows: '0') (UCP.pwn:975)
[12/10/21 15:48:13] [ERROR] cache_get_value_name_int: no active cache (UCP.pwn:975 -> DIALOG.pwn:974)
[12/10/21 15:48:30] [ERROR] cache_get_value_name_int: invalid row index '0' (number of rows: '0') (UCP.pwn:975)
[12/10/21 15:48:55] [ERROR] cache_get_value_name: invalid row index '0' (number of rows: '0') (FUNCTION.pwn:975)
[12/10/21 15:48:55] [ERROR] cache_get_value_name: invalid row index '0' (number of rows: '0') (FUNCTION.pwn:975)
[12/10/21 15:48:55] [ERROR] cache_get_value_name: invalid row index '0' (number of rows: '0') (FUNCTION.pwn:975)
[12/10/21 15:48:55] [ERROR] cache_get_value_name_int: invalid row index '0' (number of rows: '0') (FUNCTION.pwn:975)
[12/10/21 15:48:56] [ERROR] cache_get_value_name_int: invalid row index '0' (number of rows: '0') (UCP.pwn:975)
[12/10/21 15:50:26] [ERROR] cache_get_value_name_int: invalid row index '0' (number of rows: '0') (UCP.pwn:975 -> DIALOG.pwn:974)
[12/10/21 15:50:47] [ERROR] cache_get_value_name: invalid row index '0' (number of rows: '0') (FUNCTION.pwn:975)
[12/10/21 15:50:47] [ERROR] cache_get_value_name: invalid row index '0' (number of rows: '0') (FUNCTION.pwn:975)
[12/10/21 15:50:47] [ERROR] cache_get_value_name: invalid row index '0' (number of rows: '0') (FUNCTION.pwn:975)
[12/10/21 15:50:47] [ERROR] cache_get_value_name_int: invalid row index '0' (number of rows: '0') (FUNCTION.pwn:975)
[12/10/21 15:51:20] [ERROR] cache_get_value_name_int: no active cache (UCP.pwn:975 -> DIALOG.pwn:974)
[12/10/21 15:51:44] [ERROR] cache_get_value_name_int: invalid row index '0' (number of rows: '0') (UCP.pwn:975)
[12/10/21 15:51:50] [ERROR] cache_get_value_name: invalid row index '0' (number of rows: '0') (FUNCTION.pwn:975)
[12/10/21 15:51:50] [ERROR] cache_get_value_name: invalid row index '0' (number of rows: '0') (FUNCTION.pwn:975)
[12/10/21 15:51:50] [ERROR] cache_get_value_name: invalid row index '0' (number of rows: '0') (FUNCTION.pwn:975)
[12/10/21 15:51:50] [ERROR] cache_get_value_name_int: invalid row index '0' (number of rows: '0') (FUNCTION.pwn:975)
[12/10/21 15:51:59] [ERROR] cache_get_value_name_int: no active cache (UCP.pwn:975 -> DIALOG.pwn:974)
[12/10/21 15:52:00] [ERROR] cache_get_value_name_int: invalid row index '0' (number of rows: '0') (UCP.pwn:975)
[12/10/21 15:52:11] [ERROR] cache_get_value_name_int: no active cache (UCP.pwn:975 -> DIALOG.pwn:974)
[12/10/21 15:52:53] [ERROR] cache_get_value_name_int: invalid row index '0' (number of rows: '0') (UCP.pwn:975 -> DIALOG.pwn:974)
[12/10/21 15:53:59] [ERROR] cache_get_value_name_int: no active cache (UCP.pwn:975 -> DIALOG.pwn:974)
[12/10/21 15:55:05] [ERROR] cache_get_value_name_int: no active cache (UCP.pwn:975 -> DIALOG.pwn:974)
[12/10/21 15:55:18] [ERROR] cache_get_value_name_int: invalid row index '0' (number of rows: '0') (UCP.pwn:975 -> DIALOG.pwn:974)
[12/10/21 15:55:21] [ERROR] cache_get_value_name_int: no active cache (UCP.pwn:975 -> DIALOG.pwn:974)
[12/10/21 15:55:39] [ERROR] cache_get_value_name_int: invalid row index '0' (number of rows: '0') (UCP.pwn:975)
[12/10/21 15:55:46] [ERROR] cache_get_value_name_int: no active cache (UCP.pwn:975 -> DIALOG.pwn:974)
[12/10/21 15:56:17] [ERROR] cache_get_value_name: invalid row index '0' (number of rows: '0') (FUNCTION.pwn:975)
[12/10/21 15:56:17] [ERROR] cache_get_value_name: invalid row index '0' (number of rows: '0') (FUNCTION.pwn:975)
[12/10/21 15:56:17] [ERROR] cache_get_value_name: invalid row index '0' (number of rows: '0') (FUNCTION.pwn:975)
[12/10/21 15:56:17] [ERROR] cache_get_value_name_int: invalid row index '0' (number of rows: '0') (FUNCTION.pwn:975)
[12/10/21 15:56:33] [ERROR] cache_get_value_name_int: invalid row index '0' (number of rows: '0') (UCP.pwn:975)
[12/10/21 15:56:52] [ERROR] cache_get_value_name: invalid row index '0' (number of rows: '0') (FUNCTION.pwn:975)
[12/10/21 15:56:52] [ERROR] cache_get_value_name: invalid row index '0' (number of rows: '0') (FUNCTION.pwn:975)
[12/10/21 15:56:52] [ERROR] cache_get_value_name: invalid row index '0' (number of rows: '0') (FUNCTION.pwn:975)
[12/10/21 15:56:52] [ERROR] cache_get_value_name_int: invalid row index '0' (number of rows: '0') (FUNCTION.pwn:975)
[12/10/21 15:57:57] [ERROR] cache_get_value_name_int: invalid row index '0' (number of rows: '0') (UCP.pwn:975)
[12/10/21 15:58:37] [ERROR] cache_get_value_name_int: invalid row index '0' (number of rows: '0') (UCP.pwn:975)
[12/10/21 15:59:21] [ERROR] cache_get_value_name: invalid row index '0' (number of rows: '0') (FUNCTION.pwn:975)
[12/10/21 15:59:21] [ERROR] cache_get_value_name: invalid row index '0' (number of rows: '0') (FUNCTION.pwn:975)
[12/10/21 15:59:21] [ERROR] cache_get_value_name: invalid row index '0' (number of rows: '0') (FUNCTION.pwn:975)
[12/10/21 15:59:21] [ERROR] cache_get_value_name_int: invalid row index '0' (number of rows: '0') (FUNCTION.pwn:975)
[12/10/21 15:59:33] [ERROR] cache_get_value_name_int: invalid row index '0' (number of rows: '0') (UCP.pwn:975)
[12/10/21 16:00:16] [ERROR] cache_get_value_name_int: no active cache (UCP.pwn:975 -> DIALOG.pwn:974)
[12/10/21 16:00:50] [ERROR] cache_get_value_name: invalid row index '0' (number of rows: '0') (FUNCTION.pwn:975)
[12/10/21 16:00:50] [ERROR] cache_get_value_name: invalid row index '0' (number of rows: '0') (FUNCTION.pwn:975)
[12/10/21 16:00:50] [ERROR] cache_get_value_name: invalid row index '0' (number of rows: '0') (FUNCTION.pwn:975)
[12/10/21 16:00:50] [ERROR] cache_get_value_name_int: invalid row index '0' (number of rows: '0') (FUNCTION.pwn:975)
[12/10/21 16:01:06] [ERROR] cache_get_value_name_int: no active cache (UCP.pwn:975 -> DIALOG.pwn:974)
[12/10/21 16:02:10] [ERROR] cache_get_value_name_int: invalid row index '0' (number of rows: '0') (UCP.pwn:975)
[12/10/21 16:02:18] [ERROR] cache_get_value_name_int: invalid row index '0' (number of rows: '0') (UCP.pwn:975)
[12/10/21 16:05:05] [ERROR] cache_get_value_name_int: invalid row index '0' (number of rows: '0') (UCP.pwn:975)
[12/10/21 16:05:14] [ERROR] cache_get_value_name_int: invalid row index '0' (number of rows: '0') (UCP.pwn:975)
[12/10/21 16:06:06] [ERROR] cache_get_value_name_int: invalid row index '0' (number of rows: '0') (UCP.pwn:975 -> DIALOG.pwn:974)
[12/10/21 16:06:15] [ERROR] cache_get_value_name_int: no active cache (UCP.pwn:975 -> DIALOG.pwn:974)
[12/10/21 16:06:16] [ERROR] cache_get_value_name_int: invalid row index '0' (number of rows: '0') (UCP.pwn:975)
[12/10/21 16:07:55] [ERROR] cache_get_value_name_int: no active cache (UCP.pwn:975 -> DIALOG.pwn:974)
[12/10/21 16:09:04] [ERROR] cache_get_value_name: invalid row index '0' (number of rows: '0') (FUNCTION.pwn:975)
[12/10/21 16:09:04] [ERROR] cache_get_value_name: invalid row index '0' (number of rows: '0') (FUNCTION.pwn:975)
[12/10/21 16:09:04] [ERROR] cache_get_value_name: invalid row index '0' (number of rows: '0') (FUNCTION.pwn:975)
[12/10/21 16:09:04] [ERROR] cache_get_value_name_int: invalid row index '0' (number of rows: '0') (FUNCTION.pwn:975)
[12/10/21 16:09:32] [ERROR] cache_get_value_name_int: no active cache (UCP.pwn:975 -> DIALOG.pwn:974)
[12/10/21 16:09:53] [ERROR] cache_get_value_name_int: no active cache (UCP.pwn:975 -> DIALOG.pwn:974)
[12/10/21 16:11:33] [ERROR] cache_get_value_name: invalid row index '0' (number of rows: '0') (FUNCTION.pwn:975)
[12/10/21 16:11:33] [ERROR] cache_get_value_name: invalid row index '0' (number of rows: '0') (FUNCTION.pwn:975)
[12/10/21 16:11:33] [ERROR] cache_get_value_name: invalid row index '0' (number of rows: '0') (FUNCTION.pwn:975)
[12/10/21 16:11:33] [ERROR] cache_get_value_name_int: invalid row index '0' (number of rows: '0') (FUNCTION.pwn:975)
[12/10/21 16:12:08] [ERROR] cache_get_value_name_int: invalid row index '0' (number of rows: '0') (UCP.pwn:975 -> DIALOG.pwn:974)
[12/10/21 16:13:05] [ERROR] cache_get_value_name_int: invalid row index '0' (number of rows: '0') (UCP.pwn:975 -> DIALOG.pwn:974)
[12/10/21 16:13:14] [ERROR] cache_get_value_name_int: no active cache (UCP.pwn:975 -> DIALOG.pwn:974)
[12/10/21 16:13:55] [ERROR] cache_get_value_name_int: invalid row index '0' (number of rows: '0') (UCP.pwn:975 -> DIALOG.pwn:974)
[12/10/21 16:13:55] [ERROR] cache_get_value_name: invalid row index '0' (number of rows: '0') (FUNCTION.pwn:975)
[12/10/21 16:13:55] [ERROR] cache_get_value_name: invalid row index '0' (number of rows: '0') (FUNCTION.pwn:975)
[12/10/21 16:13:55] [ERROR] cache_get_value_name: invalid row index '0' (number of rows: '0') (FUNCTION.pwn:975)
[12/10/21 16:13:55] [ERROR] cache_get_value_name_int: invalid row index '0' (number of rows: '0') (FUNCTION.pwn:975)
[12/10/21 16:15:11] [ERROR] cache_get_value_name_int: invalid row index '0' (number of rows: '0') (UCP.pwn:975)
[12/10/21 16:15:48] [ERROR] cache_get_value_name_int: no active cache (UCP.pwn:975 -> DIALOG.pwn:974)
[12/10/21 16:16:02] [ERROR] cache_get_value_name: invalid row index '0' (number of rows: '0') (FUNCTION.pwn:975)
[12/10/21 16:16:02] [ERROR] cache_get_value_name: invalid row index '0' (number of rows: '0') (FUNCTION.pwn:975)
[12/10/21 16:16:02] [ERROR] cache_get_value_name: invalid row index '0' (number of rows: '0') (FUNCTION.pwn:975)
[12/10/21 16:16:02] [ERROR] cache_get_value_name_int: invalid row index '0' (number of rows: '0') (FUNCTION.pwn:975)
[12/10/21 16:16:06] [ERROR] cache_get_value_name_int: no active cache (UCP.pwn:975 -> DIALOG.pwn:974)
[12/10/21 16:17:53] [ERROR] cache_get_value_name_int: invalid row index '0' (number of rows: '0') (UCP.pwn:975)
[12/10/21 16:18:39] [ERROR] cache_get_value_name_int: no active cache (UCP.pwn:975 -> DIALOG.pwn:974)
[12/10/21 16:21:19] [ERROR] cache_get_value_name_int: no active cache (UCP.pwn:975 -> DIALOG.pwn:974)
[12/10/21 16:22:22] [ERROR] cache_get_value_name_int: invalid row index '0' (number of rows: '0') (UCP.pwn:975)
[12/10/21 16:23:19] [ERROR] cache_get_value_name: invalid row index '0' (number of rows: '0') (FUNCTION.pwn:975)
[12/10/21 16:23:19] [ERROR] cache_get_value_name: invalid row index '0' (number of rows: '0') (FUNCTION.pwn:975)
[12/10/21 16:23:19] [ERROR] cache_get_value_name: invalid row index '0' (number of rows: '0') (FUNCTION.pwn:975)
[12/10/21 16:23:19] [ERROR] cache_get_value_name_int: invalid row index '0' (number of rows: '0') (FUNCTION.pwn:975)
[12/10/21 16:23:46] [ERROR] cache_get_value_name_int: invalid row index '0' (number of rows: '0') (UCP.pwn:975)
[12/10/21 16:24:39] [ERROR] cache_get_value_name_int: no active cache (UCP.pwn:975 -> DIALOG.pwn:974)
[12/10/21 16:25:54] [ERROR] cache_get_value_name_int: invalid row index '0' (number of rows: '0') (UCP.pwn:975)
[12/10/21 16:26:21] [ERROR] cache_get_value_name_int: no active cache (UCP.pwn:975 -> DIALOG.pwn:974)
[12/10/21 16:26:45] [ERROR] cache_get_value_name_int: no active cache (UCP.pwn:975 -> DIALOG.pwn:974)
[12/10/21 16:26:57] [ERROR] cache_get_value_name_int: no active cache (UCP.pwn:975 -> DIALOG.pwn:974)
[12/10/21 16:27:48] [ERROR] cache_get_value_name: invalid row index '0' (number of rows: '0') (FUNCTION.pwn:975)
[12/10/21 16:27:48] [ERROR] cache_get_value_name: invalid row index '0' (number of rows: '0') (FUNCTION.pwn:975)
[12/10/21 16:27:48] [ERROR] cache_get_value_name: invalid row index '0' (number of rows: '0') (FUNCTION.pwn:975)
[12/10/21 16:27:48] [ERROR] cache_get_value_name_int: invalid row index '0' (number of rows: '0') (FUNCTION.pwn:975)
[12/10/21 16:28:59] [ERROR] cache_get_value_name_int: invalid row index '0' (number of rows: '0') (UCP.pwn:975)
[12/10/21 16:29:00] [ERROR] cache_get_value_name_int: invalid row index '0' (number of rows: '0') (UCP.pwn:975)
[12/10/21 16:29:01] [ERROR] cache_get_value_name_int: no active cache (UCP.pwn:975 -> DIALOG.pwn:974)
[12/10/21 16:29:43] [ERROR] cache_get_value_name_int: no active cache (UCP.pwn:975 -> DIALOG.pwn:974)
[12/10/21 16:30:22] [ERROR] cache_get_value_name: invalid row index '0' (number of rows: '0') (FUNCTION.pwn:975)
[12/10/21 16:30:22] [ERROR] cache_get_value_name: invalid row index '0' (number of rows: '0') (FUNCTION.pwn:975)
[12/10/21 16:30:22] [ERROR] cache_get_value_name: invalid row index '0' (number of rows: '0') (FUNCTION.pwn:975)
[12/10/21 16:30:22] [ERROR] cache_get_value_name_int: invalid row index '0' (number of rows: '0') (FUNCTION.pwn:975)
[12/10/21 16:30:44] [ERROR] cache_get_value_name_int: no active cache (UCP.pwn:975 -> DIALOG.pwn:974)
[12/10/21 16:32:43] [ERROR] cache_get_value_name_int: no active cache (UCP.pwn:975 -> DIALOG.pwn:974)
[12/10/21 16:33:51] [ERROR] cache_get_value_name_int: no active cache (UCP.pwn:975 -> DIALOG.pwn:974)
[12/10/21 16:35:09] [ERROR] cache_get_value_name: invalid row index '0' (number of rows: '0') (FUNCTION.pwn:975)
[12/10/21 16:35:09] [ERROR] cache_get_value_name: invalid row index '0' (number of rows: '0') (FUNCTION.pwn:975)
[12/10/21 16:35:09] [ERROR] cache_get_value_name: invalid row index '0' (number of rows: '0') (FUNCTION.pwn:975)
[12/10/21 16:35:09] [ERROR] cache_get_value_name_int: invalid row index '0' (number of rows: '0') (FUNCTION.pwn:975)
[12/10/21 16:35:15] [ERROR] cache_get_value_name: invalid row index '0' (number of rows: '0') (FUNCTION.pwn:975)
[12/10/21 16:35:15] [ERROR] cache_get_value_name: invalid row index '0' (number of rows: '0') (FUNCTION.pwn:975)
[12/10/21 16:35:15] [ERROR] cache_get_value_name: invalid row index '0' (number of rows: '0') (FUNCTION.pwn:975)
[12/10/21 16:35:15] [ERROR] cache_get_value_name_int: invalid row index '0' (number of rows: '0') (FUNCTION.pwn:975)
[12/10/21 16:35:18] [ERROR] cache_get_value_name_int: no active cache (UCP.pwn:975 -> DIALOG.pwn:974)
[12/10/21 16:37:01] [ERROR] cache_get_value_name_int: no active cache (UCP.pwn:975 -> DIALOG.pwn:974)
[12/10/21 16:38:41] [ERROR] cache_get_value_name_int: invalid row index '0' (number of rows: '0') (UCP.pwn:975)
[12/10/21 16:39:00] [ERROR] cache_get_value_name_int: no active cache (UCP.pwn:975 -> DIALOG.pwn:974)
[12/10/21 16:39:44] [ERROR] cache_get_value_name_int: invalid row index '0' (number of rows: '0') (UCP.pwn:975)
[12/10/21 16:40:40] [ERROR] cache_get_value_name_int: invalid row index '0' (number of rows: '0') (UCP.pwn:975 -> DIALOG.pwn:974)
[12/10/21 16:42:17] [ERROR] cache_get_value_name_int: no active cache (UCP.pwn:975 -> DIALOG.pwn:974)
[12/10/21 16:43:50] [ERROR] cache_get_value_name_int: no active cache (UCP.pwn:975 -> DIALOG.pwn:974)
[12/10/21 16:44:26] [ERROR] cache_get_value_name_int: no active cache (UCP.pwn:975 -> DIALOG.pwn:974)
[12/10/21 16:45:12] [ERROR] cache_get_value_name_int: invalid row index '0' (number of rows: '0') (UCP.pwn:975)
[12/10/21 16:45:16] [ERROR] cache_get_value_name_int: no active cache (UCP.pwn:975 -> DIALOG.pwn:974)
[12/10/21 16:46:07] [ERROR] cache_get_value_name_int: invalid row index '0' (number of rows: '0') (UCP.pwn:975)
[12/10/21 16:46:40] [ERROR] cache_get_value_name_int: invalid row index '0' (number of rows: '0') (UCP.pwn:975)
[12/10/21 16:47:58] [ERROR] cache_get_value_name_int: no active cache (UCP.pwn:975 -> DIALOG.pwn:974)
[12/10/21 16:48:15] [ERROR] cache_get_value_name_int: no active cache (UCP.pwn:975 -> DIALOG.pwn:974)
[12/10/21 16:48:40] [ERROR] cache_get_value_name_int: no active cache (UCP.pwn:975 -> DIALOG.pwn:974)
[12/10/21 16:48:58] [ERROR] cache_get_value_name: invalid row index '0' (number of rows: '0') (FUNCTION.pwn:975)
[12/10/21 16:48:58] [ERROR] cache_get_value_name: invalid row index '0' (number of rows: '0') (FUNCTION.pwn:975)
[12/10/21 16:48:58] [ERROR] cache_get_value_name: invalid row index '0' (number of rows: '0') (FUNCTION.pwn:975)
[12/10/21 16:48:58] [ERROR] cache_get_value_name_int: invalid row index '0' (number of rows: '0') (FUNCTION.pwn:975)
[12/10/21 16:49:06] [ERROR] cache_get_value_name: invalid row index '0' (number of rows: '0') (FUNCTION.pwn:975)
[12/10/21 16:49:06] [ERROR] cache_get_value_name: invalid row index '0' (number of rows: '0') (FUNCTION.pwn:975)
[12/10/21 16:49:06] [ERROR] cache_get_value_name: invalid row index '0' (number of rows: '0') (FUNCTION.pwn:975)
[12/10/21 16:49:06] [ERROR] cache_get_value_name_int: invalid row index '0' (number of rows: '0') (FUNCTION.pwn:975)
[12/10/21 16:50:32] [ERROR] cache_get_value_name_int: no active cache (UCP.pwn:975 -> DIALOG.pwn:974)
[12/10/21 16:50:39] [ERROR] cache_get_value_name_int: no active cache (UCP.pwn:975 -> DIALOG.pwn:974)
[12/10/21 16:51:48] [ERROR] cache_get_value_name: invalid row index '0' (number of rows: '0') (FUNCTION.pwn:975)
[12/10/21 16:51:48] [ERROR] cache_get_value_name: invalid row index '0' (number of rows: '0') (FUNCTION.pwn:975)
[12/10/21 16:51:48] [ERROR] cache_get_value_name: invalid row index '0' (number of rows: '0') (FUNCTION.pwn:975)
[12/10/21 16:51:48] [ERROR] cache_get_value_name_int: invalid row index '0' (number of rows: '0') (FUNCTION.pwn:975)
[12/10/21 16:51:57] [ERROR] cache_get_value_name_int: invalid row index '0' (number of rows: '0') (UCP.pwn:975)
[12/10/21 16:52:10] [ERROR] cache_get_value_name_int: invalid row index '0' (number of rows: '0') (UCP.pwn:975)
[12/10/21 16:53:16] [ERROR] cache_get_value_name: invalid row index '0' (number of rows: '0') (FUNCTION.pwn:975)
[12/10/21 16:53:16] [ERROR] cache_get_value_name: invalid row index '0' (number of rows: '0') (FUNCTION.pwn:975)
[12/10/21 16:53:16] [ERROR] cache_get_value_name: invalid row index '0' (number of rows: '0') (FUNCTION.pwn:975)
[12/10/21 16:53:16] [ERROR] cache_get_value_name_int: invalid row index '0' (number of rows: '0') (FUNCTION.pwn:975)
[12/10/21 16:53:17] [ERROR] cache_get_value_name_int: no active cache (UCP.pwn:975 -> DIALOG.pwn:974)
[12/10/21 16:53:18] [ERROR] cache_get_value_name_int: no active cache (UCP.pwn:975 -> DIALOG.pwn:974)
[12/10/21 16:53:26] [ERROR] cache_get_value_name_int: no active cache (UCP.pwn:975 -> DIALOG.pwn:974)
[12/10/21 16:53:37] [ERROR] cache_get_value_name_int: invalid row index '0' (number of rows: '0') (UCP.pwn:975 -> DIALOG.pwn:974)
[12/10/21 16:54:25] [ERROR] cache_get_value_name_int: field 'extrac' not found (UCP.pwn:975 -> DIALOG.pwn:974)
[12/10/21 16:55:10] [ERROR] cache_get_value_name_int: invalid row index '0' (number of rows: '0') (UCP.pwn:975)
[12/10/21 16:56:13] [ERROR] cache_get_value_name_int: no active cache (UCP.pwn:975 -> DIALOG.pwn:974)
[12/10/21 16:56:14] [ERROR] cache_get_value_name_int: invalid row index '0' (number of rows: '0') (UCP.pwn:975)
[12/10/21 16:56:32] [ERROR] cache_get_value_name_int: no active cache (UCP.pwn:975 -> DIALOG.pwn:974)
[12/10/21 16:56:32] [ERROR] cache_get_value_name_int: invalid row index '0' (number of rows: '0') (UCP.pwn:975)
[12/10/21 16:56:42] [ERROR] cache_get_value_name_int: invalid row index '0' (number of rows: '0') (UCP.pwn:975 -> DIALOG.pwn:974)
[12/10/21 16:56:56] [ERROR] cache_get_value_name_int: invalid row index '0' (number of rows: '0') (UCP.pwn:975)
[12/10/21 16:57:45] [ERROR] cache_get_value_name_int: invalid row index '0' (number of rows: '0') (UCP.pwn:975)
[12/10/21 16:58:51] [ERROR] cache_get_value_name_int: no active cache (UCP.pwn:975 -> DIALOG.pwn:974)
[12/10/21 16:59:23] [ERROR] cache_get_value_name_int: no active cache (UCP.pwn:975 -> DIALOG.pwn:974)
[12/10/21 16:59:36] [ERROR] cache_get_value_name_int: no active cache (UCP.pwn:975 -> DIALOG.pwn:974)
[12/10/21 17:01:00] [ERROR] cache_get_value_name_int: invalid row index '0' (number of rows: '0') (UCP.pwn:975)
[12/10/21 17:01:06] [ERROR] cache_get_value_name_int: no active cache (UCP.pwn:975 -> DIALOG.pwn:974)
[12/10/21 17:01:43] [ERROR] cache_get_value_name: invalid row index '0' (number of rows: '0') (FUNCTION.pwn:975)
[12/10/21 17:01:43] [ERROR] cache_get_value_name: invalid row index '0' (number of rows: '0') (FUNCTION.pwn:975)
[12/10/21 17:01:43] [ERROR] cache_get_value_name: invalid row index '0' (number of rows: '0') (FUNCTION.pwn:975)
[12/10/21 17:01:43] [ERROR] cache_get_value_name_int: invalid row index '0' (number of rows: '0') (FUNCTION.pwn:975)
[12/10/21 17:01:51] [ERROR] cache_get_value_name_int: no active cache (UCP.pwn:975 -> DIALOG.pwn:974)
[12/10/21 17:04:56] [ERROR] cache_get_value_name_int: invalid row index '0' (number of rows: '0') (UCP.pwn:975)
[12/10/21 17:05:34] [ERROR] cache_get_value_name_int: no active cache (UCP.pwn:975 -> DIALOG.pwn:974)
[12/10/21 17:05:53] [ERROR] cache_get_value_name: invalid row index '0' (number of rows: '0') (FUNCTION.pwn:975)
[12/10/21 17:05:53] [ERROR] cache_get_value_name: invalid row index '0' (number of rows: '0') (FUNCTION.pwn:975)
[12/10/21 17:05:53] [ERROR] cache_get_value_name: invalid row index '0' (number of rows: '0') (FUNCTION.pwn:975)
[12/10/21 17:05:53] [ERROR] cache_get_value_name_int: invalid row index '0' (number of rows: '0') (FUNCTION.pwn:975)
[12/10/21 17:06:44] [ERROR] cache_get_value_name_int: no active cache (UCP.pwn:975 -> DIALOG.pwn:974)
[12/10/21 17:08:30] [ERROR] cache_get_value_name_int: invalid row index '0' (number of rows: '0') (UCP.pwn:975 -> DIALOG.pwn:974)
[12/10/21 17:13:04] [ERROR] cache_get_value_name_int: invalid row index '0' (number of rows: '0') (UCP.pwn:975)
[12/10/21 17:14:18] [ERROR] cache_get_value_name_int: no active cache (UCP.pwn:975 -> DIALOG.pwn:974)
[12/10/21 17:15:23] [ERROR] cache_get_value_name_int: no active cache (UCP.pwn:975 -> DIALOG.pwn:974)
[12/10/21 17:16:02] [ERROR] cache_get_value_name_int: invalid row index '0' (number of rows: '0') (UCP.pwn:975 -> DIALOG.pwn:974)
[12/10/21 17:16:17] [ERROR] cache_get_value_name_int: no active cache (UCP.pwn:975 -> DIALOG.pwn:974)
[12/10/21 17:19:34] [ERROR] cache_get_value_name_int: no active cache (UCP.pwn:975 -> DIALOG.pwn:974)
[12/10/21 17:20:13] [ERROR] cache_get_value_name_int: invalid row index '0' (number of rows: '0') (UCP.pwn:975)
[12/10/21 17:20:14] [ERROR] cache_get_value_name: invalid row index '0' (number of rows: '0') (FUNCTION.pwn:975)
[12/10/21 17:20:14] [ERROR] cache_get_value_name: invalid row index '0' (number of rows: '0') (FUNCTION.pwn:975)
[12/10/21 17:20:14] [ERROR] cache_get_value_name: invalid row index '0' (number of rows: '0') (FUNCTION.pwn:975)
[12/10/21 17:20:14] [ERROR] cache_get_value_name_int: invalid row index '0' (number of rows: '0') (FUNCTION.pwn:975)
[12/10/21 17:22:28] [ERROR] cache_get_value_name_int: invalid row index '0' (number of rows: '0') (UCP.pwn:975)
[12/10/21 17:23:40] [ERROR] cache_get_value_name_int: no active cache (UCP.pwn:975 -> DIALOG.pwn:974)
[12/10/21 17:24:41] [ERROR] cache_get_value_name_int: invalid row index '0' (number of rows: '0') (UCP.pwn:975)
[12/10/21 17:24:56] [ERROR] cache_get_value_name_int: no active cache (UCP.pwn:975 -> DIALOG.pwn:974)
